{"total": {"lines":{"total":3864,"covered":2380,"skipped":0,"pct":61.59},"statements":{"total":4272,"covered":2596,"skipped":0,"pct":60.76},"functions":{"total":484,"covered":331,"skipped":0,"pct":68.38},"branches":{"total":2389,"covered":1182,"skipped":0,"pct":49.47},"branchesTrue":{"total":0,"covered":0,"skipped":0,"pct":100}}
,"C:\\Users\\User\\Coding\\Personal\\arcana\\cli\\src\\cli.ts": {"lines":{"total":126,"covered":54,"skipped":0,"pct":42.85},"functions":{"total":33,"covered":2,"skipped":0,"pct":6.06},"statements":{"total":126,"covered":54,"skipped":0,"pct":42.85},"branches":{"total":10,"covered":3,"skipped":0,"pct":30}}
,"C:\\Users\\User\\Coding\\Personal\\arcana\\cli\\src\\command-registry.ts": {"lines":{"total":9,"covered":9,"skipped":0,"pct":100},"functions":{"total":7,"covered":7,"skipped":0,"pct":100},"statements":{"total":12,"covered":12,"skipped":0,"pct":100},"branches":{"total":0,"covered":0,"skipped":0,"pct":100}}
,"C:\\Users\\User\\Coding\\Personal\\arcana\\cli\\src\\constants.ts": {"lines":{"total":10,"covered":10,"skipped":0,"pct":100},"functions":{"total":0,"covered":0,"skipped":0,"pct":100},"statements":{"total":10,"covered":10,"skipped":0,"pct":100},"branches":{"total":0,"covered":0,"skipped":0,"pct":100}}
,"C:\\Users\\User\\Coding\\Personal\\arcana\\cli\\src\\registry.ts": {"lines":{"total":36,"covered":35,"skipped":0,"pct":97.22},"functions":{"total":8,"covered":8,"skipped":0,"pct":100},"statements":{"total":42,"covered":41,"skipped":0,"pct":97.61},"branches":{"total":23,"covered":21,"skipped":0,"pct":91.3}}
,"C:\\Users\\User\\Coding\\Personal\\arcana\\cli\\src\\commands\\audit.ts": {"lines":{"total":94,"covered":47,"skipped":0,"pct":50},"functions":{"total":3,"covered":1,"skipped":0,"pct":33.33},"statements":{"total":111,"covered":58,"skipped":0,"pct":52.25},"branches":{"total":90,"covered":54,"skipped":0,"pct":60}}
,"C:\\Users\\User\\Coding\\Personal\\arcana\\cli\\src\\commands\\benchmark.ts": {"lines":{"total":99,"covered":77,"skipped":0,"pct":77.77},"functions":{"total":17,"covered":13,"skipped":0,"pct":76.47},"statements":{"total":108,"covered":82,"skipped":0,"pct":75.92},"branches":{"total":38,"covered":19,"skipped":0,"pct":50}}
,"C:\\Users\\User\\Coding\\Personal\\arcana\\cli\\src\\commands\\clean.ts": {"lines":{"total":149,"covered":101,"skipped":0,"pct":67.78},"functions":{"total":4,"covered":2,"skipped":0,"pct":50},"statements":{"total":180,"covered":114,"skipped":0,"pct":63.33},"branches":{"total":136,"covered":88,"skipped":0,"pct":64.7}}
,"C:\\Users\\User\\Coding\\Personal\\arcana\\cli\\src\\commands\\compact.ts": {"lines":{"total":127,"covered":71,"skipped":0,"pct":55.9},"functions":{"total":17,"covered":11,"skipped":0,"pct":64.7},"statements":{"total":147,"covered":81,"skipped":0,"pct":55.1},"branches":{"total":88,"covered":38,"skipped":0,"pct":43.18}}
,"C:\\Users\\User\\Coding\\Personal\\arcana\\cli\\src\\commands\\completions.ts": {"lines":{"total":14,"covered":14,"skipped":0,"pct":100},"functions":{"total":1,"covered":1,"skipped":0,"pct":100},"statements":{"total":14,"covered":14,"skipped":0,"pct":100},"branches":{"total":6,"covered":6,"skipped":0,"pct":100}}
,"C:\\Users\\User\\Coding\\Personal\\arcana\\cli\\src\\commands\\config.ts": {"lines":{"total":82,"covered":48,"skipped":0,"pct":58.53},"functions":{"total":3,"covered":2,"skipped":0,"pct":66.66},"statements":{"total":83,"covered":49,"skipped":0,"pct":59.03},"branches":{"total":58,"covered":25,"skipped":0,"pct":43.1}}
,"C:\\Users\\User\\Coding\\Personal\\arcana\\cli\\src\\commands\\create.ts": {"lines":{"total":39,"covered":35,"skipped":0,"pct":89.74},"functions":{"total":3,"covered":2,"skipped":0,"pct":66.66},"statements":{"total":41,"covered":35,"skipped":0,"pct":85.36},"branches":{"total":18,"covered":9,"skipped":0,"pct":50}}
,"C:\\Users\\User\\Coding\\Personal\\arcana\\cli\\src\\commands\\diff.ts": {"lines":{"total":96,"covered":92,"skipped":0,"pct":95.83},"functions":{"total":3,"covered":3,"skipped":0,"pct":100},"statements":{"total":97,"covered":92,"skipped":0,"pct":94.84},"branches":{"total":43,"covered":30,"skipped":0,"pct":69.76}}
,"C:\\Users\\User\\Coding\\Personal\\arcana\\cli\\src\\commands\\doctor.ts": {"lines":{"total":167,"covered":148,"skipped":0,"pct":88.62},"functions":{"total":23,"covered":20,"skipped":0,"pct":86.95},"statements":{"total":185,"covered":158,"skipped":0,"pct":85.4},"branches":{"total":99,"covered":73,"skipped":0,"pct":73.73}}
,"C:\\Users\\User\\Coding\\Personal\\arcana\\cli\\src\\commands\\export-cmd.ts": {"lines":{"total":26,"covered":26,"skipped":0,"pct":100},"functions":{"total":6,"covered":6,"skipped":0,"pct":100},"statements":{"total":28,"covered":28,"skipped":0,"pct":100},"branches":{"total":18,"covered":10,"skipped":0,"pct":55.55}}
,"C:\\Users\\User\\Coding\\Personal\\arcana\\cli\\src\\commands\\import-cmd.ts": {"lines":{"total":72,"covered":53,"skipped":0,"pct":73.61},"functions":{"total":4,"covered":4,"skipped":0,"pct":100},"statements":{"total":74,"covered":53,"skipped":0,"pct":71.62},"branches":{"total":58,"covered":35,"skipped":0,"pct":60.34}}
,"C:\\Users\\User\\Coding\\Personal\\arcana\\cli\\src\\commands\\info.ts": {"lines":{"total":77,"covered":32,"skipped":0,"pct":41.55},"functions":{"total":1,"covered":1,"skipped":0,"pct":100},"statements":{"total":77,"covered":32,"skipped":0,"pct":41.55},"branches":{"total":62,"covered":17,"skipped":0,"pct":27.41}}
,"C:\\Users\\User\\Coding\\Personal\\arcana\\cli\\src\\commands\\init.ts": {"lines":{"total":75,"covered":5,"skipped":0,"pct":6.66},"functions":{"total":10,"covered":1,"skipped":0,"pct":10},"statements":{"total":77,"covered":5,"skipped":0,"pct":6.49},"branches":{"total":44,"covered":0,"skipped":0,"pct":0}}
,"C:\\Users\\User\\Coding\\Personal\\arcana\\cli\\src\\commands\\install.ts": {"lines":{"total":198,"covered":40,"skipped":0,"pct":20.2},"functions":{"total":6,"covered":3,"skipped":0,"pct":50},"statements":{"total":220,"covered":43,"skipped":0,"pct":19.54},"branches":{"total":136,"covered":24,"skipped":0,"pct":17.64}}
,"C:\\Users\\User\\Coding\\Personal\\arcana\\cli\\src\\commands\\list.ts": {"lines":{"total":54,"covered":32,"skipped":0,"pct":59.25},"functions":{"total":5,"covered":4,"skipped":0,"pct":80},"statements":{"total":57,"covered":33,"skipped":0,"pct":57.89},"branches":{"total":46,"covered":16,"skipped":0,"pct":34.78}}
,"C:\\Users\\User\\Coding\\Personal\\arcana\\cli\\src\\commands\\lock.ts": {"lines":{"total":94,"covered":84,"skipped":0,"pct":89.36},"functions":{"total":11,"covered":9,"skipped":0,"pct":81.81},"statements":{"total":101,"covered":88,"skipped":0,"pct":87.12},"branches":{"total":51,"covered":36,"skipped":0,"pct":70.58}}
,"C:\\Users\\User\\Coding\\Personal\\arcana\\cli\\src\\commands\\optimize.ts": {"lines":{"total":161,"covered":71,"skipped":0,"pct":44.09},"functions":{"total":18,"covered":12,"skipped":0,"pct":66.66},"statements":{"total":174,"covered":74,"skipped":0,"pct":42.52},"branches":{"total":97,"covered":42,"skipped":0,"pct":43.29}}
,"C:\\Users\\User\\Coding\\Personal\\arcana\\cli\\src\\commands\\outdated.ts": {"lines":{"total":78,"covered":73,"skipped":0,"pct":93.58},"functions":{"total":7,"covered":7,"skipped":0,"pct":100},"statements":{"total":85,"covered":79,"skipped":0,"pct":92.94},"branches":{"total":38,"covered":28,"skipped":0,"pct":73.68}}
,"C:\\Users\\User\\Coding\\Personal\\arcana\\cli\\src\\commands\\profile.ts": {"lines":{"total":154,"covered":87,"skipped":0,"pct":56.49},"functions":{"total":10,"covered":10,"skipped":0,"pct":100},"statements":{"total":159,"covered":88,"skipped":0,"pct":55.34},"branches":{"total":92,"covered":33,"skipped":0,"pct":35.86}}
,"C:\\Users\\User\\Coding\\Personal\\arcana\\cli\\src\\commands\\providers.ts": {"lines":{"total":55,"covered":29,"skipped":0,"pct":52.72},"functions":{"total":3,"covered":2,"skipped":0,"pct":66.66},"statements":{"total":58,"covered":30,"skipped":0,"pct":51.72},"branches":{"total":28,"covered":13,"skipped":0,"pct":46.42}}
,"C:\\Users\\User\\Coding\\Personal\\arcana\\cli\\src\\commands\\recommend.ts": {"lines":{"total":56,"covered":21,"skipped":0,"pct":37.5},"functions":{"total":7,"covered":6,"skipped":0,"pct":85.71},"statements":{"total":60,"covered":25,"skipped":0,"pct":41.66},"branches":{"total":30,"covered":5,"skipped":0,"pct":16.66}}
,"C:\\Users\\User\\Coding\\Personal\\arcana\\cli\\src\\commands\\scan.ts": {"lines":{"total":65,"covered":40,"skipped":0,"pct":61.53},"functions":{"total":7,"covered":7,"skipped":0,"pct":100},"statements":{"total":75,"covered":45,"skipped":0,"pct":60},"branches":{"total":38,"covered":18,"skipped":0,"pct":47.36}}
,"C:\\Users\\User\\Coding\\Personal\\arcana\\cli\\src\\commands\\search.ts": {"lines":{"total":39,"covered":21,"skipped":0,"pct":53.84},"functions":{"total":8,"covered":2,"skipped":0,"pct":25},"statements":{"total":46,"covered":21,"skipped":0,"pct":45.65},"branches":{"total":32,"covered":8,"skipped":0,"pct":25}}
,"C:\\Users\\User\\Coding\\Personal\\arcana\\cli\\src\\commands\\stats.ts": {"lines":{"total":111,"covered":74,"skipped":0,"pct":66.66},"functions":{"total":24,"covered":18,"skipped":0,"pct":75},"statements":{"total":134,"covered":88,"skipped":0,"pct":65.67},"branches":{"total":44,"covered":19,"skipped":0,"pct":43.18}}
,"C:\\Users\\User\\Coding\\Personal\\arcana\\cli\\src\\commands\\team.ts": {"lines":{"total":164,"covered":95,"skipped":0,"pct":57.92},"functions":{"total":13,"covered":11,"skipped":0,"pct":84.61},"statements":{"total":173,"covered":99,"skipped":0,"pct":57.22},"branches":{"total":99,"covered":38,"skipped":0,"pct":38.38}}
,"C:\\Users\\User\\Coding\\Personal\\arcana\\cli\\src\\commands\\uninstall.ts": {"lines":{"total":98,"covered":35,"skipped":0,"pct":35.71},"functions":{"total":7,"covered":4,"skipped":0,"pct":57.14},"statements":{"total":104,"covered":39,"skipped":0,"pct":37.5},"branches":{"total":57,"covered":18,"skipped":0,"pct":31.57}}
,"C:\\Users\\User\\Coding\\Personal\\arcana\\cli\\src\\commands\\update.ts": {"lines":{"total":183,"covered":97,"skipped":0,"pct":53},"functions":{"total":6,"covered":6,"skipped":0,"pct":100},"statements":{"total":195,"covered":99,"skipped":0,"pct":50.76},"branches":{"total":138,"covered":53,"skipped":0,"pct":38.4}}
,"C:\\Users\\User\\Coding\\Personal\\arcana\\cli\\src\\commands\\validate.ts": {"lines":{"total":83,"covered":46,"skipped":0,"pct":55.42},"functions":{"total":4,"covered":4,"skipped":0,"pct":100},"statements":{"total":94,"covered":49,"skipped":0,"pct":52.12},"branches":{"total":59,"covered":24,"skipped":0,"pct":40.67}}
,"C:\\Users\\User\\Coding\\Personal\\arcana\\cli\\src\\commands\\verify.ts": {"lines":{"total":70,"covered":57,"skipped":0,"pct":81.42},"functions":{"total":11,"covered":11,"skipped":0,"pct":100},"statements":{"total":78,"covered":65,"skipped":0,"pct":83.33},"branches":{"total":26,"covered":16,"skipped":0,"pct":61.53}}
,"C:\\Users\\User\\Coding\\Personal\\arcana\\cli\\src\\providers\\arcana.ts": {"lines":{"total":1,"covered":0,"skipped":0,"pct":0},"functions":{"total":1,"covered":0,"skipped":0,"pct":0},"statements":{"total":1,"covered":0,"skipped":0,"pct":0},"branches":{"total":0,"covered":0,"skipped":0,"pct":100}}
,"C:\\Users\\User\\Coding\\Personal\\arcana\\cli\\src\\providers\\base.ts": {"lines":{"total":2,"covered":0,"skipped":0,"pct":0},"functions":{"total":3,"covered":0,"skipped":0,"pct":0},"statements":{"total":3,"covered":0,"skipped":0,"pct":0},"branches":{"total":2,"covered":0,"skipped":0,"pct":0}}
,"C:\\Users\\User\\Coding\\Personal\\arcana\\cli\\src\\providers\\github.ts": {"lines":{"total":79,"covered":52,"skipped":0,"pct":65.82},"functions":{"total":18,"covered":12,"skipped":0,"pct":66.66},"statements":{"total":94,"covered":62,"skipped":0,"pct":65.95},"branches":{"total":46,"covered":27,"skipped":0,"pct":58.69}}
,"C:\\Users\\User\\Coding\\Personal\\arcana\\cli\\src\\utils\\atomic.ts": {"lines":{"total":9,"covered":6,"skipped":0,"pct":66.66},"functions":{"total":1,"covered":1,"skipped":0,"pct":100},"statements":{"total":9,"covered":6,"skipped":0,"pct":66.66},"branches":{"total":1,"covered":1,"skipped":0,"pct":100}}
,"C:\\Users\\User\\Coding\\Personal\\arcana\\cli\\src\\utils\\cache.ts": {"lines":{"total":19,"covered":19,"skipped":0,"pct":100},"functions":{"total":5,"covered":5,"skipped":0,"pct":100},"statements":{"total":21,"covered":21,"skipped":0,"pct":100},"branches":{"total":9,"covered":9,"skipped":0,"pct":100}}
,"C:\\Users\\User\\Coding\\Personal\\arcana\\cli\\src\\utils\\config.ts": {"lines":{"total":41,"covered":12,"skipped":0,"pct":29.26},"functions":{"total":10,"covered":4,"skipped":0,"pct":40},"statements":{"total":45,"covered":13,"skipped":0,"pct":28.88},"branches":{"total":18,"covered":3,"skipped":0,"pct":16.66}}
,"C:\\Users\\User\\Coding\\Personal\\arcana\\cli\\src\\utils\\conflict-check.ts": {"lines":{"total":27,"covered":26,"skipped":0,"pct":96.29},"functions":{"total":5,"covered":5,"skipped":0,"pct":100},"statements":{"total":31,"covered":30,"skipped":0,"pct":96.77},"branches":{"total":24,"covered":22,"skipped":0,"pct":91.66}}
,"C:\\Users\\User\\Coding\\Personal\\arcana\\cli\\src\\utils\\errors.ts": {"lines":{"total":4,"covered":4,"skipped":0,"pct":100},"functions":{"total":1,"covered":1,"skipped":0,"pct":100},"statements":{"total":4,"covered":4,"skipped":0,"pct":100},"branches":{"total":2,"covered":2,"skipped":0,"pct":100}}
,"C:\\Users\\User\\Coding\\Personal\\arcana\\cli\\src\\utils\\frontmatter.ts": {"lines":{"total":103,"covered":81,"skipped":0,"pct":78.64},"functions":{"total":4,"covered":4,"skipped":0,"pct":100},"statements":{"total":117,"covered":89,"skipped":0,"pct":76.06},"branches":{"total":82,"covered":59,"skipped":0,"pct":71.95}}
,"C:\\Users\\User\\Coding\\Personal\\arcana\\cli\\src\\utils\\fs.ts": {"lines":{"total":99,"covered":48,"skipped":0,"pct":48.48},"functions":{"total":11,"covered":7,"skipped":0,"pct":63.63},"statements":{"total":110,"covered":50,"skipped":0,"pct":45.45},"branches":{"total":58,"covered":19,"skipped":0,"pct":32.75}}
,"C:\\Users\\User\\Coding\\Personal\\arcana\\cli\\src\\utils\\help.ts": {"lines":{"total":52,"covered":38,"skipped":0,"pct":73.07},"functions":{"total":10,"covered":6,"skipped":0,"pct":60},"statements":{"total":57,"covered":40,"skipped":0,"pct":70.17},"branches":{"total":10,"covered":5,"skipped":0,"pct":50}}
,"C:\\Users\\User\\Coding\\Personal\\arcana\\cli\\src\\utils\\history.ts": {"lines":{"total":26,"covered":26,"skipped":0,"pct":100},"functions":{"total":5,"covered":5,"skipped":0,"pct":100},"statements":{"total":31,"covered":31,"skipped":0,"pct":100},"branches":{"total":17,"covered":17,"skipped":0,"pct":100}}
,"C:\\Users\\User\\Coding\\Personal\\arcana\\cli\\src\\utils\\http.ts": {"lines":{"total":96,"covered":22,"skipped":0,"pct":22.91},"functions":{"total":14,"covered":3,"skipped":0,"pct":21.42},"statements":{"total":104,"covered":23,"skipped":0,"pct":22.11},"branches":{"total":71,"covered":10,"skipped":0,"pct":14.08}}
,"C:\\Users\\User\\Coding\\Personal\\arcana\\cli\\src\\utils\\install-core.ts": {"lines":{"total":47,"covered":44,"skipped":0,"pct":93.61},"functions":{"total":17,"covered":12,"skipped":0,"pct":70.58},"statements":{"total":61,"covered":53,"skipped":0,"pct":86.88},"branches":{"total":32,"covered":25,"skipped":0,"pct":78.12}}
,"C:\\Users\\User\\Coding\\Personal\\arcana\\cli\\src\\utils\\integrity.ts": {"lines":{"total":44,"covered":43,"skipped":0,"pct":97.72},"functions":{"total":15,"covered":15,"skipped":0,"pct":100},"statements":{"total":54,"covered":53,"skipped":0,"pct":98.14},"branches":{"total":12,"covered":11,"skipped":0,"pct":91.66}}
,"C:\\Users\\User\\Coding\\Personal\\arcana\\cli\\src\\utils\\parallel.ts": {"lines":{"total":9,"covered":9,"skipped":0,"pct":100},"functions":{"total":3,"covered":3,"skipped":0,"pct":100},"statements":{"total":12,"covered":11,"skipped":0,"pct":91.66},"branches":{"total":4,"covered":3,"skipped":0,"pct":75}}
,"C:\\Users\\User\\Coding\\Personal\\arcana\\cli\\src\\utils\\project-context.ts": {"lines":{"total":109,"covered":100,"skipped":0,"pct":91.74},"functions":{"total":21,"covered":20,"skipped":0,"pct":95.23},"statements":{"total":128,"covered":116,"skipped":0,"pct":90.62},"branches":{"total":94,"covered":85,"skipped":0,"pct":90.42}}
,"C:\\Users\\User\\Coding\\Personal\\arcana\\cli\\src\\utils\\scanner.ts": {"lines":{"total":31,"covered":31,"skipped":0,"pct":100},"functions":{"total":8,"covered":7,"skipped":0,"pct":87.5},"statements":{"total":39,"covered":38,"skipped":0,"pct":97.43},"branches":{"total":24,"covered":20,"skipped":0,"pct":83.33}}
,"C:\\Users\\User\\Coding\\Personal\\arcana\\cli\\src\\utils\\scoring.ts": {"lines":{"total":43,"covered":34,"skipped":0,"pct":79.06},"functions":{"total":13,"covered":11,"skipped":0,"pct":84.61},"statements":{"total":55,"covered":45,"skipped":0,"pct":81.81},"branches":{"total":40,"covered":31,"skipped":0,"pct":77.5}}
,"C:\\Users\\User\\Coding\\Personal\\arcana\\cli\\src\\utils\\ui.ts": {"lines":{"total":56,"covered":21,"skipped":0,"pct":37.5},"functions":{"total":28,"covered":9,"skipped":0,"pct":32.14},"statements":{"total":65,"covered":23,"skipped":0,"pct":35.38},"branches":{"total":37,"covered":11,"skipped":0,"pct":29.72}}
,"C:\\Users\\User\\Coding\\Personal\\arcana\\cli\\src\\utils\\validate.ts": {"lines":{"total":6,"covered":5,"skipped":0,"pct":83.33},"functions":{"total":1,"covered":1,"skipped":0,"pct":100},"statements":{"total":6,"covered":5,"skipped":0,"pct":83.33},"branches":{"total":4,"covered":3,"skipped":0,"pct":75}}
}
