TN:
SF:src\cli.ts
FN:8,createCli
FN:16,(anonymous_1)
FN:28,(anonymous_2)
FN:37,(anonymous_3)
FN:75,(anonymous_4)
FN:93,(anonymous_5)
FN:103,(anonymous_6)
FN:120,(anonymous_7)
FN:131,(anonymous_8)
FN:139,(anonymous_9)
FN:150,(anonymous_10)
FN:166,(anonymous_11)
FN:177,(anonymous_12)
FN:186,(anonymous_13)
FN:195,(anonymous_14)
FN:207,(anonymous_15)
FN:219,(anonymous_16)
FN:228,(anonymous_17)
FN:241,(anonymous_18)
FN:251,(anonymous_19)
FN:262,(anonymous_20)
FN:271,(anonymous_21)
FN:287,(anonymous_22)
FN:298,(anonymous_23)
FN:311,(anonymous_24)
FN:322,(anonymous_25)
FN:332,(anonymous_26)
FN:347,(anonymous_27)
FN:360,(anonymous_28)
FN:370,(anonymous_29)
FN:381,(anonymous_30)
FN:394,(anonymous_31)
FN:407,(anonymous_32)
FNF:33
FNH:2
FNDA:6,createCli
FNDA:0,(anonymous_1)
FNDA:0,(anonymous_2)
FNDA:1,(anonymous_3)
FNDA:0,(anonymous_4)
FNDA:0,(anonymous_5)
FNDA:0,(anonymous_6)
FNDA:0,(anonymous_7)
FNDA:0,(anonymous_8)
FNDA:0,(anonymous_9)
FNDA:0,(anonymous_10)
FNDA:0,(anonymous_11)
FNDA:0,(anonymous_12)
FNDA:0,(anonymous_13)
FNDA:0,(anonymous_14)
FNDA:0,(anonymous_15)
FNDA:0,(anonymous_16)
FNDA:0,(anonymous_17)
FNDA:0,(anonymous_18)
FNDA:0,(anonymous_19)
FNDA:0,(anonymous_20)
FNDA:0,(anonymous_21)
FNDA:0,(anonymous_22)
FNDA:0,(anonymous_23)
FNDA:0,(anonymous_24)
FNDA:0,(anonymous_25)
FNDA:0,(anonymous_26)
FNDA:0,(anonymous_27)
FNDA:0,(anonymous_28)
FNDA:0,(anonymous_29)
FNDA:0,(anonymous_30)
FNDA:0,(anonymous_31)
FNDA:0,(anonymous_32)
DA:5,1
DA:6,1
DA:9,6
DA:11,6
DA:14,6
DA:15,6
DA:17,0
DA:19,0
DA:20,0
DA:22,0
DA:25,6
DA:26,6
DA:27,6
DA:29,0
DA:30,0
DA:31,0
DA:32,0
DA:33,0
DA:37,6
DA:38,1
DA:39,1
DA:40,1
DA:41,1
DA:42,1
DA:43,1
DA:44,1
DA:46,1
DA:47,1
DA:48,1
DA:50,1
DA:53,1
DA:54,1
DA:55,1
DA:58,0
DA:59,0
DA:60,0
DA:62,0
DA:63,0
DA:66,6
DA:76,0
DA:77,0
DA:80,6
DA:94,0
DA:95,0
DA:98,6
DA:104,0
DA:105,0
DA:108,6
DA:121,0
DA:122,0
DA:125,6
DA:132,0
DA:133,0
DA:136,6
DA:140,0
DA:141,0
DA:144,6
DA:151,0
DA:152,0
DA:155,6
DA:167,0
DA:168,0
DA:171,6
DA:178,0
DA:179,0
DA:182,6
DA:187,0
DA:188,0
DA:191,6
DA:196,0
DA:197,0
DA:200,6
DA:208,0
DA:209,0
DA:212,6
DA:220,0
DA:221,0
DA:224,6
DA:229,0
DA:230,0
DA:233,6
DA:242,0
DA:243,0
DA:246,6
DA:252,0
DA:253,0
DA:256,6
DA:263,0
DA:264,0
DA:267,6
DA:272,0
DA:273,0
DA:278,6
DA:288,0
DA:289,0
DA:292,6
DA:299,0
DA:300,0
DA:305,6
DA:312,0
DA:313,0
DA:316,6
DA:323,0
DA:324,0
DA:327,6
DA:333,0
DA:334,0
DA:339,6
DA:348,0
DA:349,0
DA:352,6
DA:361,0
DA:362,0
DA:365,6
DA:371,0
DA:372,0
DA:375,6
DA:382,0
DA:383,0
DA:386,6
DA:395,0
DA:396,0
DA:400,6
DA:408,0
DA:409,0
DA:412,6
LF:126
LH:54
BRDA:17,0,0,0
BRDA:17,0,1,0
BRDA:38,1,0,1
BRDA:38,1,1,0
BRDA:43,2,0,1
BRDA:43,2,1,0
BRDA:53,3,0,1
BRDA:53,3,1,0
BRDA:58,4,0,0
BRDA:58,4,1,0
BRF:10
BRH:3
end_of_record
TN:
SF:src\command-registry.ts
FN:63,getCommandNames
FN:64,(anonymous_1)
FN:67,getGroupedCommands
FN:75,findClosestCommand
FN:77,(anonymous_4)
FN:80,getCliReference
FN:81,(anonymous_6)
FNF:7
FNH:7
FNDA:3,getCommandNames
FNDA:87,(anonymous_1)
FNDA:10,getGroupedCommands
FNDA:10,findClosestCommand
FNDA:84,(anonymous_4)
FNDA:2,getCliReference
FNDA:58,(anonymous_6)
DA:8,4
DA:64,87
DA:68,10
DA:69,10
DA:70,290
DA:72,10
DA:76,10
DA:77,84
DA:81,58
LF:9
LH:9
BRF:0
BRH:0
end_of_record
TN:
SF:src\constants.ts
FNF:0
FNH:0
DA:2,33
DA:3,33
DA:4,33
DA:5,33
DA:6,33
DA:7,33
DA:10,33
DA:11,33
DA:12,33
DA:15,33
LF:10
LH:10
BRF:0
BRH:0
end_of_record
TN:
SF:src\registry.ts
FN:9,clearProviderCache
FN:13,parseProviderSlug
FN:21,createProvider
FN:46,getProvider
FN:49,(anonymous_4)
FN:70,getProviders
FN:74,(anonymous_6)
FN:74,(anonymous_7)
FNF:8
FNH:8
FNDA:15,clearProviderCache
FNDA:16,parseProviderSlug
FNDA:15,createProvider
FNDA:16,getProvider
FNDA:31,(anonymous_4)
FNDA:4,getProviders
FNDA:6,(anonymous_6)
FNDA:4,(anonymous_7)
DA:7,21
DA:10,15
DA:14,16
DA:15,16
DA:16,5
DA:18,11
DA:22,15
DA:23,15
DA:27,13
DA:28,7
DA:29,6
DA:30,6
DA:31,6
DA:32,6
DA:33,6
DA:35,1
DA:37,5
DA:39,0
DA:42,12
DA:43,12
DA:47,16
DA:48,16
DA:49,31
DA:51,16
DA:53,5
DA:54,4
DA:55,4
DA:56,3
DA:57,3
DA:61,3
DA:62,3
DA:64,1
DA:67,11
DA:71,4
DA:73,2
DA:74,6
LF:36
LH:35
BRDA:15,0,0,5
BRDA:15,0,1,11
BRDA:15,1,0,16
BRDA:15,1,1,13
BRDA:15,1,2,12
BRDA:23,2,0,2
BRDA:23,2,1,13
BRDA:27,3,0,7
BRDA:27,3,1,6
BRDA:29,4,0,6
BRDA:29,4,1,0
BRDA:35,5,0,1
BRDA:35,5,1,0
BRDA:48,6,0,16
BRDA:48,6,1,1
BRDA:51,7,0,5
BRDA:51,7,1,11
BRDA:53,8,0,4
BRDA:53,8,1,1
BRDA:55,9,0,1
BRDA:55,9,1,3
BRDA:71,10,0,2
BRDA:71,10,1,2
BRF:23
BRH:21
end_of_record
TN:
SF:src\commands\audit.ts
FN:14,auditSkill
FN:99,auditCommand
FN:115,(anonymous_2)
FNF:3
FNH:1
FNDA:25,auditSkill
FNDA:0,auditCommand
FNDA:0,(anonymous_2)
DA:15,25
DA:16,25
DA:18,25
DA:19,25
DA:20,1
DA:24,24
DA:25,24
DA:27,0
DA:29,24
DA:30,24
DA:31,25
DA:32,25
DA:33,25
DA:36,25
DA:37,25
DA:38,25
DA:41,24
DA:42,25
DA:43,25
DA:44,25
DA:47,24
DA:48,25
DA:49,25
DA:50,25
DA:53,24
DA:54,25
DA:55,25
DA:56,25
DA:59,24
DA:60,24
DA:61,24
DA:64,24
DA:65,25
DA:66,25
DA:71,25
DA:74,24
DA:75,25
DA:76,25
DA:79,24
DA:80,24
DA:81,25
DA:82,25
DA:87,25
DA:91,24
DA:92,13
DA:93,9
DA:94,4
DA:96,24
DA:100,0
DA:102,0
DA:103,0
DA:104,0
DA:105,0
DA:107,0
DA:108,0
DA:110,0
DA:114,0
DA:115,0
DA:116,0
DA:117,0
DA:119,0
DA:120,0
DA:122,0
DA:123,0
DA:124,0
DA:125,0
DA:127,0
DA:130,0
DA:132,0
DA:133,0
DA:134,0
DA:135,0
DA:136,0
DA:138,0
DA:141,0
DA:142,0
DA:143,0
DA:146,0
DA:148,0
DA:149,0
DA:151,0
DA:159,0
DA:161,0
DA:162,0
DA:163,0
DA:164,0
DA:169,0
DA:170,0
DA:171,0
DA:172,0
DA:173,0
DA:174,0
DA:175,0
DA:176,0
LF:94
LH:47
BRDA:19,0,0,1
BRDA:19,0,1,24
BRDA:30,1,0,24
BRDA:30,1,1,0
BRDA:31,2,0,25
BRDA:31,2,1,1
BRDA:36,3,0,25
BRDA:36,3,1,24
BRDA:38,4,0,24
BRDA:38,4,1,1
BRDA:41,5,0,24
BRDA:41,5,1,0
BRDA:42,6,0,25
BRDA:42,6,1,23
BRDA:44,7,0,22
BRDA:44,7,1,3
BRDA:47,8,0,24
BRDA:47,8,1,2
BRDA:50,9,0,4
BRDA:50,9,1,21
BRDA:53,10,0,24
BRDA:53,10,1,9
BRDA:56,11,0,13
BRDA:56,11,1,12
BRDA:61,12,0,4
BRDA:61,12,1,20
BRDA:64,13,0,24
BRDA:64,13,1,22
BRDA:65,14,0,25
BRDA:65,14,1,1
BRDA:69,15,0,1
BRDA:69,15,1,23
BRDA:71,16,0,23
BRDA:71,16,1,2
BRDA:74,17,0,24
BRDA:74,17,1,22
BRDA:76,18,0,21
BRDA:76,18,1,4
BRDA:80,19,0,24
BRDA:80,19,1,21
BRDA:81,20,0,25
BRDA:81,20,1,21
BRDA:85,21,0,4
BRDA:85,21,1,20
BRDA:85,22,0,4
BRDA:85,22,1,3
BRDA:85,23,0,4
BRDA:85,23,1,3
BRDA:87,24,0,4
BRDA:87,24,1,21
BRDA:91,25,0,1
BRDA:91,25,1,23
BRDA:91,26,0,10
BRDA:91,26,1,13
BRDA:92,27,0,9
BRDA:92,27,1,4
BRDA:100,28,0,0
BRDA:100,28,1,0
BRDA:103,29,0,0
BRDA:103,29,1,0
BRDA:104,30,0,0
BRDA:104,30,1,0
BRDA:114,31,0,0
BRDA:114,31,1,0
BRDA:116,32,0,0
BRDA:116,32,1,0
BRDA:119,33,0,0
BRDA:119,33,1,0
BRDA:134,34,0,0
BRDA:134,34,1,0
BRDA:141,35,0,0
BRDA:141,35,1,0
BRDA:151,36,0,0
BRDA:151,36,1,0
BRDA:153,37,0,0
BRDA:153,37,1,0
BRDA:155,38,0,0
BRDA:155,38,1,0
BRDA:162,39,0,0
BRDA:162,39,1,0
BRDA:163,40,0,0
BRDA:163,40,1,0
BRDA:171,41,0,0
BRDA:171,41,1,0
BRDA:172,42,0,0
BRDA:172,42,1,0
BRDA:173,43,0,0
BRDA:173,43,1,0
BRDA:174,44,0,0
BRDA:174,44,1,0
BRF:90
BRH:54
end_of_record
TN:
SF:src\commands\benchmark.ts
FN:20,collectFiles
FN:34,benchmarkSkill
FN:59,formatKB
FN:63,formatTokens
FN:69,benchmarkCommand
FN:89,benchmarkSingle
FN:112,(anonymous_6)
FN:135,(anonymous_7)
FN:136,(anonymous_8)
FN:149,benchmarkAll
FN:152,(anonymous_10)
FN:178,(anonymous_11)
FN:180,(anonymous_12)
FN:181,(anonymous_13)
FN:187,(anonymous_14)
FN:206,(anonymous_15)
FN:226,(anonymous_16)
FNF:17
FNH:13
FNDA:4,collectFiles
FNDA:5,benchmarkSkill
FNDA:4,formatKB
FNDA:4,formatTokens
FNDA:5,benchmarkCommand
FNDA:3,benchmarkSingle
FNDA:0,(anonymous_6)
FNDA:0,(anonymous_7)
FNDA:0,(anonymous_8)
FNDA:2,benchmarkAll
FNDA:2,(anonymous_10)
FNDA:1,(anonymous_11)
FNDA:2,(anonymous_12)
FNDA:2,(anonymous_13)
FNDA:0,(anonymous_14)
FNDA:2,(anonymous_15)
FNDA:2,(anonymous_16)
DA:21,4
DA:22,4
DA:23,0
DA:24,0
DA:25,0
DA:26,0
DA:28,0
DA:31,4
DA:35,5
DA:36,5
DA:38,5
DA:39,5
DA:41,1
DA:44,4
DA:45,4
DA:46,4
DA:47,4
DA:49,4
DA:60,4
DA:64,4
DA:65,4
DA:66,4
DA:73,5
DA:75,5
DA:76,3
DA:79,2
DA:80,2
DA:83,0
DA:84,0
DA:85,0
DA:86,0
DA:90,3
DA:92,3
DA:93,1
DA:94,0
DA:96,1
DA:98,1
DA:101,2
DA:103,2
DA:104,1
DA:112,0
DA:119,1
DA:122,1
DA:123,1
DA:124,3
DA:125,3
DA:126,3
DA:127,3
DA:128,3
DA:131,3
DA:132,3
DA:133,3
DA:135,3
DA:136,3
DA:138,3
DA:139,0
DA:140,0
DA:141,0
DA:146,1
DA:151,2
DA:152,2
DA:153,2
DA:154,2
DA:156,0
DA:160,1
DA:163,2
DA:164,1
DA:165,0
DA:167,1
DA:169,1
DA:172,1
DA:173,1
DA:174,2
DA:175,2
DA:178,1
DA:180,2
DA:181,2
DA:182,1
DA:184,1
DA:185,0
DA:187,0
DA:199,0
DA:202,1
DA:203,1
DA:204,1
DA:206,2
DA:208,1
DA:211,1
DA:215,1
DA:216,2
DA:217,2
DA:222,1
DA:225,1
DA:226,2
DA:228,1
DA:230,1
DA:231,0
DA:232,0
DA:233,0
LF:99
LH:77
BRDA:25,0,0,0
BRDA:25,0,1,0
BRDA:26,1,0,0
BRDA:26,1,1,0
BRDA:28,2,0,0
BRDA:28,2,1,0
BRDA:64,3,0,0
BRDA:64,3,1,4
BRDA:65,4,0,0
BRDA:65,4,1,4
BRDA:75,5,0,3
BRDA:75,5,1,2
BRDA:79,6,0,2
BRDA:79,6,1,0
BRDA:92,7,0,1
BRDA:92,7,1,2
BRDA:93,8,0,0
BRDA:93,8,1,1
BRDA:103,9,0,1
BRDA:103,9,1,1
BRDA:107,10,0,1
BRDA:107,10,1,0
BRDA:123,11,0,1
BRDA:123,11,1,0
BRDA:139,12,0,0
BRDA:139,12,1,0
BRDA:163,13,0,1
BRDA:163,13,1,1
BRDA:164,14,0,0
BRDA:164,14,1,1
BRDA:175,15,0,2
BRDA:175,15,1,0
BRDA:184,16,0,0
BRDA:184,16,1,1
BRDA:216,17,0,0
BRDA:216,17,1,2
BRDA:230,18,0,0
BRDA:230,18,1,1
BRF:38
BRH:19
end_of_record
TN:
SF:src\commands\clean.ts
FN:24,purgeDir
FN:40,isAgentLog
FN:44,cleanCommand
FN:75,(anonymous_3)
FNF:4
FNH:2
FNDA:0,purgeDir
FNDA:10,isAgentLog
FNDA:9,cleanCommand
FNDA:0,(anonymous_3)
DA:22,1
DA:25,0
DA:26,0
DA:27,0
DA:28,0
DA:29,0
DA:30,0
DA:31,0
DA:32,0
DA:37,0
DA:41,10
DA:50,9
DA:52,9
DA:53,9
DA:54,9
DA:55,9
DA:56,9
DA:58,9
DA:59,9
DA:61,9
DA:73,9
DA:74,9
DA:75,9
DA:76,0
DA:77,0
DA:78,0
DA:80,0
DA:81,0
DA:84,0
DA:85,0
DA:88,0
DA:89,0
DA:90,0
DA:92,9
DA:95,9
DA:96,9
DA:97,9
DA:98,5
DA:99,5
DA:100,5
DA:101,5
DA:103,5
DA:105,5
DA:106,5
DA:107,5
DA:108,10
DA:109,10
DA:112,0
DA:115,5
DA:116,5
DA:118,5
DA:119,0
DA:120,0
DA:121,0
DA:122,0
DA:123,0
DA:124,0
DA:125,0
DA:126,0
DA:130,9
DA:136,9
DA:137,1
DA:138,1
DA:139,1
DA:143,9
DA:144,9
DA:145,5
DA:146,5
DA:147,5
DA:148,5
DA:149,5
DA:152,5
DA:153,10
DA:154,10
DA:156,10
DA:157,10
DA:159,0
DA:162,10
DA:163,10
DA:164,10
DA:166,10
DA:167,6
DA:168,6
DA:169,6
DA:170,1
DA:171,1
DA:173,0
DA:176,6
DA:177,6
DA:178,0
DA:181,6
DA:188,6
DA:189,6
DA:194,5
DA:195,9
DA:196,9
DA:197,9
DA:198,0
DA:200,0
DA:201,0
DA:202,0
DA:203,0
DA:204,0
DA:205,0
DA:206,0
DA:207,0
DA:208,0
DA:209,0
DA:212,0
DA:219,0
DA:220,0
DA:223,0
DA:228,9
DA:231,9
DA:232,9
DA:233,9
DA:234,45
DA:235,45
DA:236,1
DA:237,1
DA:238,1
DA:239,1
DA:240,45
DA:241,45
DA:242,1
DA:243,1
DA:245,9
DA:248,9
DA:249,9
DA:252,9
DA:253,9
DA:254,1
DA:255,1
DA:256,1
DA:257,1
DA:259,0
DA:262,1
DA:263,1
DA:267,9
DA:270,9
DA:271,8
DA:281,8
DA:284,1
DA:285,1
DA:286,1
DA:287,9
DA:288,0
DA:290,1
DA:292,1
LF:149
LH:101
BRDA:25,0,0,0
BRDA:25,0,1,0
BRDA:31,1,0,0
BRDA:31,1,1,0
BRDA:32,2,0,0
BRDA:32,2,1,0
BRDA:41,3,0,10
BRDA:41,3,1,4
BRDA:50,4,0,1
BRDA:50,4,1,8
BRDA:52,5,0,9
BRDA:52,5,1,0
BRDA:53,6,0,9
BRDA:53,6,1,8
BRDA:54,7,0,9
BRDA:54,7,1,8
BRDA:55,8,0,1
BRDA:55,8,1,8
BRDA:56,9,0,1
BRDA:56,9,1,8
BRDA:58,10,0,1
BRDA:58,10,1,8
BRDA:58,11,0,9
BRDA:58,11,1,7
BRDA:59,12,0,0
BRDA:59,12,1,9
BRDA:59,13,0,9
BRDA:59,13,1,1
BRDA:74,14,0,1
BRDA:74,14,1,8
BRDA:76,15,0,0
BRDA:76,15,1,0
BRDA:80,16,0,0
BRDA:80,16,1,0
BRDA:82,17,0,0
BRDA:82,17,1,0
BRDA:88,18,0,0
BRDA:88,18,1,0
BRDA:92,19,0,1
BRDA:92,19,1,8
BRDA:92,20,0,9
BRDA:92,20,1,9
BRDA:95,21,0,1
BRDA:95,21,1,8
BRDA:97,22,0,5
BRDA:97,22,1,4
BRDA:100,23,0,0
BRDA:100,23,1,5
BRDA:101,24,0,0
BRDA:101,24,1,5
BRDA:101,25,0,5
BRDA:101,25,1,5
BRDA:109,26,0,8
BRDA:109,26,1,2
BRDA:116,27,0,5
BRDA:116,27,1,5
BRDA:118,28,0,0
BRDA:118,28,1,5
BRDA:122,29,0,0
BRDA:122,29,1,0
BRDA:123,30,0,0
BRDA:123,30,1,0
BRDA:124,31,0,0
BRDA:124,31,1,0
BRDA:130,32,0,1
BRDA:130,32,1,8
BRDA:130,33,0,9
BRDA:130,33,1,9
BRDA:136,34,0,1
BRDA:136,34,1,8
BRDA:138,35,0,1
BRDA:138,35,1,0
BRDA:144,36,0,5
BRDA:144,36,1,4
BRDA:148,37,0,0
BRDA:148,37,1,5
BRDA:149,38,0,0
BRDA:149,38,1,5
BRDA:149,39,0,5
BRDA:149,39,1,5
BRDA:153,40,0,0
BRDA:153,40,1,10
BRDA:164,41,0,4
BRDA:164,41,1,6
BRDA:166,42,0,6
BRDA:166,42,1,4
BRDA:169,43,0,1
BRDA:169,43,1,5
BRDA:176,44,0,3
BRDA:176,44,1,3
BRDA:177,45,0,0
BRDA:177,45,1,6
BRDA:197,46,0,9
BRDA:197,46,1,0
BRDA:198,47,0,0
BRDA:198,47,1,0
BRDA:202,48,0,0
BRDA:202,48,1,0
BRDA:204,49,0,0
BRDA:204,49,1,0
BRDA:206,50,0,0
BRDA:206,50,1,0
BRDA:208,51,0,0
BRDA:208,51,1,0
BRDA:228,52,0,1
BRDA:228,52,1,8
BRDA:228,53,0,9
BRDA:228,53,1,4
BRDA:231,54,0,1
BRDA:231,54,1,8
BRDA:235,55,0,44
BRDA:235,55,1,1
BRDA:237,56,0,0
BRDA:237,56,1,1
BRDA:239,57,0,1
BRDA:239,57,1,0
BRDA:241,58,0,0
BRDA:241,58,1,45
BRDA:245,59,0,1
BRDA:245,59,1,8
BRDA:245,60,0,9
BRDA:245,60,1,8
BRDA:248,61,0,2
BRDA:248,61,1,7
BRDA:253,62,0,1
BRDA:253,62,1,8
BRDA:255,63,0,1
BRDA:255,63,1,0
BRDA:267,64,0,0
BRDA:267,64,1,9
BRDA:270,65,0,8
BRDA:270,65,1,1
BRDA:286,66,0,1
BRDA:286,66,1,0
BRDA:287,67,0,0
BRDA:287,67,1,1
BRF:136
BRH:88
end_of_record
TN:
SF:src\commands\compact.ts
FN:18,analyzeProject
FN:58,(anonymous_1)
FN:59,(anonymous_2)
FN:60,(anonymous_3)
FN:64,(anonymous_4)
FN:64,(anonymous_5)
FN:69,formatBytes
FN:81,pruneMainSessions
FN:93,(anonymous_8)
FN:118,compactCommand
FN:153,(anonymous_10)
FN:157,(anonymous_11)
FN:165,(anonymous_12)
FN:205,(anonymous_13)
FN:214,(anonymous_14)
FN:221,(anonymous_15)
FN:241,(anonymous_16)
FNF:17
FNH:11
FNDA:5,analyzeProject
FNDA:4,(anonymous_1)
FNDA:5,(anonymous_2)
FNDA:1,(anonymous_3)
FNDA:5,(anonymous_4)
FNDA:1,(anonymous_5)
FNDA:1,formatBytes
FNDA:0,pruneMainSessions
FNDA:0,(anonymous_8)
FNDA:7,compactCommand
FNDA:0,(anonymous_10)
FNDA:4,(anonymous_11)
FNDA:3,(anonymous_12)
FNDA:1,(anonymous_13)
FNDA:0,(anonymous_14)
FNDA:0,(anonymous_15)
FNDA:0,(anonymous_16)
DA:19,5
DA:20,5
DA:21,5
DA:22,5
DA:24,5
DA:25,11
DA:26,11
DA:27,11
DA:29,11
DA:30,2
DA:31,1
DA:36,1
DA:39,9
DA:41,9
DA:47,9
DA:48,5
DA:50,4
DA:53,0
DA:58,5
DA:59,5
DA:60,1
DA:64,5
DA:66,5
DA:70,1
DA:71,0
DA:72,0
DA:73,0
DA:88,0
DA:89,0
DA:91,0
DA:93,0
DA:94,0
DA:96,0
DA:97,0
DA:98,0
DA:99,0
DA:100,0
DA:102,0
DA:103,0
DA:104,0
DA:109,0
DA:110,0
DA:115,0
DA:124,7
DA:126,7
DA:127,7
DA:129,7
DA:130,7
DA:131,1
DA:132,1
DA:134,0
DA:135,0
DA:137,1
DA:140,6
DA:142,6
DA:143,5
DA:144,5
DA:145,5
DA:147,5
DA:148,5
DA:149,5
DA:153,6
DA:155,6
DA:156,5
DA:157,4
DA:165,3
DA:168,5
DA:169,4
DA:170,3
DA:171,3
DA:172,2
DA:173,2
DA:178,3
DA:179,1
DA:180,1
DA:188,5
DA:189,0
DA:190,0
DA:191,0
DA:192,0
DA:193,0
DA:194,0
DA:198,5
DA:199,5
DA:202,1
DA:204,1
DA:205,1
DA:207,1
DA:208,1
DA:210,0
DA:211,1
DA:214,1
DA:215,1
DA:220,1
DA:221,0
DA:222,0
DA:226,0
DA:227,0
DA:228,0
DA:229,0
DA:230,0
DA:236,0
DA:240,0
DA:241,0
DA:242,0
DA:243,0
DA:247,0
DA:248,0
DA:249,0
DA:250,0
DA:251,0
DA:257,0
DA:261,0
DA:265,1
DA:266,0
DA:267,0
DA:268,0
DA:269,0
DA:270,0
DA:271,0
DA:273,0
DA:277,1
DA:278,0
DA:280,1
DA:281,1
DA:282,1
DA:284,1
LF:127
LH:71
BRDA:29,0,0,2
BRDA:29,0,1,9
BRDA:30,1,0,1
BRDA:30,1,1,1
BRDA:39,2,0,0
BRDA:39,2,1,9
BRDA:47,3,0,5
BRDA:47,3,1,4
BRDA:70,4,0,1
BRDA:70,4,1,0
BRDA:71,5,0,0
BRDA:71,5,1,0
BRDA:72,6,0,0
BRDA:72,6,1,0
BRDA:97,7,0,0
BRDA:97,7,1,0
BRDA:97,8,0,0
BRDA:97,8,1,0
BRDA:99,9,0,0
BRDA:99,9,1,0
BRDA:102,10,0,0
BRDA:102,10,1,0
BRDA:124,11,0,1
BRDA:124,11,1,6
BRDA:126,12,0,7
BRDA:126,12,1,2
BRDA:127,13,0,1
BRDA:127,13,1,6
BRDA:127,14,0,7
BRDA:127,14,1,2
BRDA:130,15,0,1
BRDA:130,15,1,6
BRDA:131,16,0,1
BRDA:131,16,1,0
BRDA:144,17,0,0
BRDA:144,17,1,5
BRDA:145,18,0,0
BRDA:145,18,1,5
BRDA:145,19,0,5
BRDA:145,19,1,5
BRDA:148,20,0,5
BRDA:148,20,1,0
BRDA:155,21,0,5
BRDA:155,21,1,1
BRDA:165,22,0,1
BRDA:165,22,1,4
BRDA:168,23,0,4
BRDA:168,23,1,1
BRDA:188,24,0,0
BRDA:188,24,1,5
BRDA:189,25,0,0
BRDA:189,25,1,0
BRDA:193,26,0,0
BRDA:193,26,1,0
BRDA:202,27,0,1
BRDA:202,27,1,0
BRDA:208,28,0,1
BRDA:208,28,1,0
BRDA:210,29,0,0
BRDA:210,29,1,0
BRDA:216,30,0,0
BRDA:216,30,1,0
BRDA:220,31,0,0
BRDA:220,31,1,1
BRDA:223,32,0,0
BRDA:223,32,1,0
BRDA:226,33,0,0
BRDA:226,33,1,0
BRDA:240,34,0,0
BRDA:240,34,1,0
BRDA:242,35,0,0
BRDA:242,35,1,0
BRDA:244,36,0,0
BRDA:244,36,1,0
BRDA:247,37,0,0
BRDA:247,37,1,0
BRDA:265,38,0,0
BRDA:265,38,1,1
BRDA:266,39,0,0
BRDA:266,39,1,0
BRDA:270,40,0,0
BRDA:270,40,1,0
BRDA:277,41,0,0
BRDA:277,41,1,1
BRDA:277,42,0,1
BRDA:277,42,1,0
BRDA:280,43,0,1
BRDA:280,43,1,0
BRF:88
BRH:38
end_of_record
TN:
SF:src\commands\completions.ts
FN:90,completionsCommand
FNF:1
FNH:1
FNDA:6,completionsCommand
DA:1,6
DA:13,6
DA:51,6
DA:84,6
DA:91,6
DA:93,6
DA:94,2
DA:95,1
DA:97,1
DA:98,1
DA:100,2
DA:103,4
DA:104,1
DA:106,3
LF:14
LH:14
BRDA:93,0,0,2
BRDA:93,0,1,4
BRDA:94,1,0,1
BRDA:94,1,1,1
BRDA:103,2,0,1
BRDA:103,2,1,3
BRF:6
BRH:6
end_of_record
TN:
SF:src\commands\config.ts
FN:11,configCommand
FN:41,(anonymous_1)
FN:140,(anonymous_2)
FNF:3
FNH:2
FNDA:6,configCommand
FNDA:0,(anonymous_1)
FNDA:1,(anonymous_2)
DA:8,6
DA:16,6
DA:17,0
DA:21,6
DA:22,1
DA:24,1
DA:25,1
DA:26,1
DA:29,0
DA:30,0
DA:31,0
DA:32,0
DA:41,0
DA:43,1
DA:44,1
DA:45,1
DA:46,1
DA:47,1
DA:48,1
DA:49,1
DA:53,5
DA:54,1
DA:55,0
DA:57,1
DA:58,1
DA:59,1
DA:61,0
DA:62,0
DA:63,0
DA:65,1
DA:69,4
DA:70,1
DA:71,1
DA:72,1
DA:73,1
DA:74,1
DA:76,0
DA:77,0
DA:85,0
DA:86,0
DA:88,0
DA:90,1
DA:92,1
DA:93,1
DA:95,0
DA:96,0
DA:98,1
DA:102,3
DA:103,1
DA:104,1
DA:106,0
DA:107,0
DA:108,0
DA:110,1
DA:113,3
DA:114,3
DA:116,3
DA:118,2
DA:119,2
DA:121,0
DA:122,0
DA:124,2
DA:128,1
DA:129,0
DA:130,0
DA:131,0
DA:132,0
DA:134,0
DA:135,0
DA:136,0
DA:139,1
DA:140,1
DA:141,1
DA:142,0
DA:145,0
DA:146,0
DA:149,1
DA:150,1
DA:151,1
DA:152,1
DA:154,0
DA:155,0
LF:82
LH:48
BRDA:16,0,0,0
BRDA:16,0,1,6
BRDA:21,1,0,1
BRDA:21,1,1,5
BRDA:21,2,0,6
BRDA:21,2,1,6
BRDA:24,3,0,1
BRDA:24,3,1,0
BRDA:35,4,0,0
BRDA:35,4,1,0
BRDA:39,5,0,0
BRDA:39,5,1,0
BRDA:47,6,0,0
BRDA:47,6,1,0
BRDA:53,7,0,1
BRDA:53,7,1,4
BRDA:54,8,0,0
BRDA:54,8,1,1
BRDA:54,9,0,1
BRDA:54,9,1,0
BRDA:58,10,0,1
BRDA:58,10,1,0
BRDA:62,11,0,0
BRDA:62,11,1,0
BRDA:69,12,0,1
BRDA:69,12,1,3
BRDA:72,13,0,1
BRDA:72,13,1,0
BRDA:76,14,0,0
BRDA:76,14,1,0
BRDA:81,15,0,0
BRDA:81,15,1,0
BRDA:85,16,0,0
BRDA:85,16,1,0
BRDA:92,17,0,1
BRDA:92,17,1,0
BRDA:95,18,0,0
BRDA:95,18,1,0
BRDA:102,19,0,1
BRDA:102,19,1,2
BRDA:103,20,0,1
BRDA:103,20,1,0
BRDA:116,21,0,2
BRDA:116,21,1,1
BRDA:118,22,0,2
BRDA:118,22,1,0
BRDA:128,23,0,0
BRDA:128,23,1,1
BRDA:129,24,0,0
BRDA:129,24,1,0
BRDA:135,25,0,0
BRDA:135,25,1,0
BRDA:139,26,0,1
BRDA:139,26,1,0
BRDA:141,27,0,0
BRDA:141,27,1,1
BRDA:151,28,0,1
BRDA:151,28,1,0
BRF:58
BRH:25
end_of_record
TN:
SF:src\commands\create.ts
FN:10,generateSkillMd
FN:48,createCommand
FN:69,(anonymous_2)
FNF:3
FNH:2
FNDA:3,generateSkillMd
FNDA:5,createCommand
FNDA:0,(anonymous_2)
DA:11,3
DA:49,5
DA:50,5
DA:51,5
DA:53,5
DA:54,1
DA:55,1
DA:58,5
DA:59,5
DA:60,1
DA:61,1
DA:64,5
DA:66,5
DA:70,0
DA:71,0
DA:72,0
DA:76,5
DA:77,1
DA:78,1
DA:81,4
DA:83,4
DA:84,4
DA:87,4
DA:88,0
DA:91,4
DA:92,4
DA:93,4
DA:95,4
DA:96,4
DA:97,4
DA:98,4
DA:99,4
DA:100,4
DA:102,1
DA:103,1
DA:106,4
DA:107,4
DA:108,4
DA:109,4
LF:39
LH:35
BRDA:53,0,0,1
BRDA:53,0,1,4
BRDA:59,1,0,1
BRDA:59,1,1,4
BRDA:70,2,0,0
BRDA:70,2,1,0
BRDA:70,3,0,0
BRDA:70,3,1,0
BRDA:71,4,0,0
BRDA:71,4,1,0
BRDA:76,5,0,1
BRDA:76,5,1,4
BRDA:83,6,0,4
BRDA:83,6,1,0
BRDA:87,7,0,0
BRDA:87,7,1,4
BRDA:102,8,0,1
BRDA:102,8,1,0
BRF:18
BRH:9
end_of_record
TN:
SF:src\commands\diff.ts
FN:29,readDirRecursive
FN:64,computeLineDiff
FN:89,diffCommand
FNF:3
FNH:3
FNDA:3,readDirRecursive
FNDA:1,computeLineDiff
FNDA:5,diffCommand
DA:30,3
DA:31,3
DA:33,3
DA:34,3
DA:36,3
DA:37,3
DA:39,0
DA:41,3
DA:42,4
DA:43,4
DA:44,4
DA:45,4
DA:46,4
DA:47,4
DA:48,0
DA:50,4
DA:61,3
DA:65,1
DA:66,1
DA:68,1
DA:69,1
DA:71,1
DA:72,1
DA:74,1
DA:75,1
DA:76,1
DA:80,1
DA:81,1
DA:82,1
DA:86,1
DA:90,5
DA:91,5
DA:93,1
DA:94,1
DA:97,4
DA:98,4
DA:100,4
DA:101,1
DA:102,1
DA:105,3
DA:106,5
DA:109,5
DA:110,5
DA:112,0
DA:113,0
DA:116,3
DA:117,3
DA:118,3
DA:120,5
DA:121,5
DA:122,5
DA:123,3
DA:124,3
DA:130,3
DA:131,3
DA:132,4
DA:135,3
DA:136,3
DA:137,4
DA:140,3
DA:141,3
DA:142,3
DA:144,3
DA:145,4
DA:146,1
DA:150,3
DA:151,4
DA:152,1
DA:156,3
DA:157,4
DA:158,4
DA:159,1
DA:160,1
DA:164,3
DA:173,3
DA:174,1
DA:175,1
DA:179,2
DA:180,2
DA:181,2
DA:182,2
DA:184,2
DA:185,1
DA:186,1
DA:189,1
DA:190,1
DA:191,1
DA:192,1
DA:196,1
DA:197,1
DA:198,1
DA:199,1
DA:203,1
DA:204,1
DA:205,1
DA:206,1
LF:96
LH:92
BRDA:45,0,0,0
BRDA:45,0,1,4
BRDA:46,1,0,0
BRDA:46,1,1,4
BRDA:47,2,0,0
BRDA:47,2,1,4
BRDA:75,3,0,1
BRDA:75,3,1,0
BRDA:81,4,0,1
BRDA:81,4,1,0
BRDA:93,5,0,1
BRDA:93,5,1,0
BRDA:100,6,0,1
BRDA:100,6,1,3
BRDA:105,7,0,3
BRDA:105,7,1,3
BRDA:112,8,0,0
BRDA:112,8,1,0
BRDA:118,9,0,3
BRDA:118,9,1,0
BRDA:123,10,0,3
BRDA:123,10,1,0
BRDA:145,11,0,1
BRDA:145,11,1,3
BRDA:151,12,0,1
BRDA:151,12,1,3
BRDA:158,13,0,1
BRDA:158,13,1,3
BRDA:158,14,0,4
BRDA:158,14,1,3
BRDA:173,15,0,1
BRDA:173,15,1,2
BRDA:184,16,0,1
BRDA:184,16,1,1
BRDA:184,17,0,2
BRDA:184,17,1,1
BRDA:184,17,2,1
BRDA:189,18,0,1
BRDA:189,18,1,0
BRDA:196,19,0,1
BRDA:196,19,1,0
BRDA:203,20,0,1
BRDA:203,20,1,0
BRF:43
BRH:30
end_of_record
TN:
SF:src\commands\doctor.ts
FN:9,checkNodeVersion
FN:22,checkInstallDir
FN:32,(anonymous_2)
FN:36,checkBrokenSymlinks
FN:41,(anonymous_4)
FN:53,checkGitConfig
FN:76,checkArcanaConfig
FN:91,checkDiskUsage
FN:122,checkSkillValidity
FN:178,checkSkillSizes
FN:203,(anonymous_10)
FN:206,(anonymous_11)
FN:215,checkOrphanedProjects
FN:235,(anonymous_13)
FN:244,checkSessionBloat
FN:268,(anonymous_15)
FN:270,(anonymous_16)
FN:279,checkAuxiliaryBloat
FN:305,runDoctorChecks
FN:321,doctorCommand
FN:333,(anonymous_20)
FN:357,(anonymous_21)
FN:358,(anonymous_22)
FNF:23
FNH:20
FNDA:17,checkNodeVersion
FNDA:17,checkInstallDir
FNDA:7,(anonymous_2)
FNDA:17,checkBrokenSymlinks
FNDA:26,(anonymous_4)
FNDA:17,checkGitConfig
FNDA:17,checkArcanaConfig
FNDA:17,checkDiskUsage
FNDA:17,checkSkillValidity
FNDA:17,checkSkillSizes
FNDA:3,(anonymous_10)
FNDA:7,(anonymous_11)
FNDA:17,checkOrphanedProjects
FNDA:0,(anonymous_13)
FNDA:17,checkSessionBloat
FNDA:0,(anonymous_15)
FNDA:0,(anonymous_16)
FNDA:17,checkAuxiliaryBloat
FNDA:17,runDoctorChecks
FNDA:4,doctorCommand
FNDA:22,(anonymous_20)
FNDA:22,(anonymous_21)
FNDA:22,(anonymous_22)
DA:10,17
DA:11,17
DA:12,17
DA:14,0
DA:23,17
DA:24,17
DA:25,13
DA:32,7
DA:33,4
DA:37,17
DA:38,17
DA:39,4
DA:41,26
DA:42,13
DA:43,13
DA:50,0
DA:54,17
DA:55,17
DA:56,17
DA:57,17
DA:58,0
DA:65,5
DA:67,12
DA:77,17
DA:78,17
DA:79,13
DA:81,4
DA:82,4
DA:83,4
DA:85,4
DA:89,17
DA:92,17
DA:93,17
DA:94,11
DA:97,6
DA:98,6
DA:99,6
DA:100,6
DA:101,10
DA:102,10
DA:103,10
DA:104,10
DA:111,6
DA:112,6
DA:113,3
DA:119,3
DA:123,17
DA:124,17
DA:125,13
DA:128,4
DA:129,4
DA:130,4
DA:132,4
DA:133,7
DA:134,7
DA:135,7
DA:136,7
DA:137,7
DA:138,1
DA:139,1
DA:141,6
DA:142,6
DA:143,6
DA:144,6
DA:145,6
DA:146,6
DA:148,0
DA:152,4
DA:153,4
DA:154,1
DA:157,3
DA:159,3
DA:160,1
DA:161,1
DA:164,2
DA:166,3
DA:167,2
DA:170,3
DA:179,17
DA:180,17
DA:181,13
DA:184,4
DA:185,4
DA:186,4
DA:187,7
DA:188,7
DA:189,7
DA:190,7
DA:191,7
DA:192,7
DA:195,4
DA:196,0
DA:203,4
DA:204,4
DA:206,7
DA:208,4
DA:216,17
DA:217,17
DA:218,11
DA:221,6
DA:222,6
DA:223,10
DA:224,10
DA:225,10
DA:226,10
DA:227,0
DA:231,6
DA:232,6
DA:235,0
DA:236,0
DA:245,17
DA:246,17
DA:247,11
DA:250,6
DA:251,6
DA:252,10
DA:253,10
DA:254,10
DA:255,18
DA:256,0
DA:257,0
DA:258,0
DA:259,0
DA:264,6
DA:265,6
DA:268,0
DA:269,0
DA:270,0
DA:271,0
DA:280,17
DA:281,17
DA:282,17
DA:283,17
DA:285,17
DA:286,85
DA:287,85
DA:288,20
DA:289,20
DA:290,20
DA:293,17
DA:294,15
DA:297,2
DA:306,17
DA:322,4
DA:323,2
DA:324,2
DA:327,4
DA:329,4
DA:330,2
DA:333,22
DA:344,2
DA:347,2
DA:349,22
DA:351,22
DA:352,22
DA:353,4
DA:357,22
DA:358,22
DA:359,2
DA:361,2
DA:362,0
DA:363,2
DA:364,2
DA:366,0
DA:368,2
DA:370,2
DA:371,0
LF:167
LH:148
BRDA:11,0,0,17
BRDA:11,0,1,0
BRDA:24,1,0,13
BRDA:24,1,1,4
BRDA:38,2,0,4
BRDA:38,2,1,13
BRDA:42,3,0,13
BRDA:42,3,1,0
BRDA:57,4,0,0
BRDA:57,4,1,17
BRDA:57,5,0,17
BRDA:57,5,1,5
BRDA:78,6,0,13
BRDA:78,6,1,4
BRDA:93,7,0,11
BRDA:93,7,1,6
BRDA:102,8,0,10
BRDA:102,8,1,0
BRDA:112,9,0,3
BRDA:112,9,1,3
BRDA:124,10,0,13
BRDA:124,10,1,4
BRDA:134,11,0,0
BRDA:134,11,1,7
BRDA:137,12,0,1
BRDA:137,12,1,6
BRDA:146,13,0,4
BRDA:146,13,1,2
BRDA:153,14,0,1
BRDA:153,14,1,3
BRDA:159,15,0,1
BRDA:159,15,1,2
BRDA:162,16,0,1
BRDA:162,16,1,0
BRDA:166,17,0,2
BRDA:166,17,1,1
BRDA:180,18,0,13
BRDA:180,18,1,4
BRDA:188,19,0,0
BRDA:188,19,1,7
BRDA:192,20,0,7
BRDA:192,20,1,0
BRDA:195,21,0,0
BRDA:195,21,1,4
BRDA:217,22,0,11
BRDA:217,22,1,6
BRDA:224,23,0,0
BRDA:224,23,1,10
BRDA:225,24,0,0
BRDA:225,24,1,10
BRDA:225,25,0,10
BRDA:225,25,1,10
BRDA:226,26,0,0
BRDA:226,26,1,10
BRDA:231,27,0,6
BRDA:231,27,1,0
BRDA:246,28,0,11
BRDA:246,28,1,6
BRDA:253,29,0,0
BRDA:253,29,1,10
BRDA:255,30,0,18
BRDA:255,30,1,0
BRDA:258,31,0,0
BRDA:258,31,1,0
BRDA:264,32,0,6
BRDA:264,32,1,0
BRDA:287,33,0,65
BRDA:287,33,1,20
BRDA:290,34,0,10
BRDA:290,34,1,10
BRDA:293,35,0,15
BRDA:293,35,1,2
BRDA:300,36,0,2
BRDA:300,36,1,0
BRDA:321,37,0,4
BRDA:322,38,0,2
BRDA:322,38,1,2
BRDA:329,39,0,2
BRDA:329,39,1,2
BRDA:337,40,0,4
BRDA:337,40,1,18
BRDA:349,41,0,18
BRDA:349,41,1,4
BRDA:349,42,0,4
BRDA:349,42,1,0
BRDA:352,43,0,4
BRDA:352,43,1,18
BRDA:361,44,0,0
BRDA:361,44,1,2
BRDA:362,45,0,0
BRDA:362,45,1,0
BRDA:363,46,0,2
BRDA:363,46,1,0
BRDA:364,47,0,2
BRDA:364,47,1,0
BRDA:370,48,0,0
BRDA:370,48,1,2
BRDA:370,49,0,2
BRDA:370,49,1,2
BRF:99
BRH:73
end_of_record
TN:
SF:src\commands\export-cmd.ts
FN:20,getInstalledSkillDirs
FN:23,(anonymous_1)
FN:29,exportCommand
FN:44,exportManifest
FN:66,exportSbom
FN:68,(anonymous_5)
FNF:6
FNH:6
FNDA:4,getInstalledSkillDirs
FNDA:4,(anonymous_1)
FNDA:4,exportCommand
FNDA:2,exportManifest
FNDA:1,exportSbom
FNDA:1,(anonymous_5)
DA:21,4
DA:22,4
DA:23,4
DA:25,1
DA:30,4
DA:32,4
DA:33,1
DA:34,1
DA:37,3
DA:38,1
DA:41,2
DA:45,2
DA:47,2
DA:48,3
DA:49,3
DA:57,2
DA:63,2
DA:67,1
DA:68,1
DA:70,1
DA:72,1
DA:73,1
DA:74,1
DA:76,1
DA:84,1
DA:93,1
LF:26
LH:26
BRDA:32,0,0,1
BRDA:32,0,1,3
BRDA:37,1,0,1
BRDA:37,1,1,2
BRDA:51,2,0,3
BRDA:51,2,1,0
BRDA:52,3,0,3
BRDA:52,3,1,0
BRDA:53,4,0,3
BRDA:53,4,1,0
BRDA:78,5,0,1
BRDA:78,5,1,0
BRDA:78,5,2,0
BRDA:79,6,0,1
BRDA:79,6,1,0
BRDA:79,6,2,0
BRDA:80,7,0,1
BRDA:80,7,1,0
BRF:18
BRH:10
end_of_record
TN:
SF:src\commands\import-cmd.ts
FN:19,parseManifest
FN:25,(anonymous_1)
FN:43,importCommand
FN:119,(anonymous_3)
FNF:4
FNH:4
FNDA:4,parseManifest
FNDA:5,(anonymous_1)
FNDA:5,importCommand
FNDA:4,(anonymous_3)
DA:20,4
DA:21,4
DA:22,1
DA:24,3
DA:25,3
DA:26,5
DA:27,0
DA:29,5
DA:30,5
DA:31,0
DA:33,5
DA:40,3
DA:44,5
DA:45,1
DA:46,0
DA:48,1
DA:50,1
DA:54,4
DA:55,4
DA:56,4
DA:58,1
DA:59,1
DA:60,0
DA:62,1
DA:64,1
DA:67,3
DA:68,0
DA:69,0
DA:71,0
DA:73,0
DA:76,3
DA:77,3
DA:78,3
DA:79,3
DA:80,3
DA:82,3
DA:84,5
DA:85,5
DA:87,0
DA:88,0
DA:89,0
DA:90,0
DA:91,0
DA:93,0
DA:97,5
DA:98,5
DA:99,1
DA:100,1
DA:104,4
DA:105,4
DA:106,5
DA:107,5
DA:109,4
DA:111,4
DA:112,4
DA:113,5
DA:119,4
DA:121,5
DA:122,5
DA:124,5
DA:125,3
DA:128,0
DA:129,0
DA:130,0
DA:131,0
DA:132,0
DA:137,3
DA:138,1
DA:139,1
DA:140,1
DA:142,2
DA:145,3
LF:72
LH:53
BRDA:21,0,0,1
BRDA:21,0,1,3
BRDA:21,1,0,4
BRDA:21,1,1,4
BRDA:21,1,2,4
BRDA:26,2,0,0
BRDA:26,2,1,5
BRDA:26,3,0,5
BRDA:26,3,1,5
BRDA:30,4,0,0
BRDA:30,4,1,5
BRDA:30,5,0,5
BRDA:30,5,1,5
BRDA:35,6,0,0
BRDA:35,6,1,5
BRDA:36,7,0,1
BRDA:36,7,1,4
BRDA:37,8,0,0
BRDA:37,8,1,5
BRDA:44,9,0,1
BRDA:44,9,1,4
BRDA:45,10,0,0
BRDA:45,10,1,1
BRDA:58,11,0,1
BRDA:58,11,1,0
BRDA:59,12,0,0
BRDA:59,12,1,1
BRDA:67,13,0,0
BRDA:67,13,1,3
BRDA:68,14,0,0
BRDA:68,14,1,0
BRDA:87,15,0,0
BRDA:87,15,1,0
BRDA:90,16,0,0
BRDA:90,16,1,0
BRDA:98,17,0,1
BRDA:98,17,1,4
BRDA:98,18,0,5
BRDA:98,18,1,2
BRDA:105,19,0,4
BRDA:105,19,1,3
BRDA:112,20,0,4
BRDA:112,20,1,0
BRDA:112,20,2,0
BRDA:117,21,0,5
BRDA:117,21,1,0
BRDA:124,22,0,3
BRDA:124,22,1,2
BRDA:128,23,0,0
BRDA:128,23,1,0
BRDA:131,24,0,0
BRDA:131,24,1,0
BRDA:137,25,0,1
BRDA:137,25,1,2
BRDA:139,26,0,0
BRDA:139,26,1,1
BRDA:145,27,0,0
BRDA:145,27,1,3
BRF:58
BRH:35
end_of_record
TN:
SF:src\commands\info.ts
FN:6,infoCommand
FNF:1
FNH:1
FNDA:5,infoCommand
DA:7,5
DA:8,0
DA:11,5
DA:12,5
DA:14,1
DA:15,1
DA:17,0
DA:18,0
DA:20,1
DA:23,5
DA:24,5
DA:25,5
DA:27,5
DA:28,5
DA:29,4
DA:30,3
DA:31,2
DA:32,2
DA:34,2
DA:35,2
DA:36,2
DA:54,2
DA:57,0
DA:58,0
DA:59,0
DA:60,0
DA:61,0
DA:67,0
DA:68,0
DA:69,0
DA:70,0
DA:71,0
DA:73,0
DA:75,0
DA:76,0
DA:78,0
DA:79,0
DA:81,0
DA:82,0
DA:84,0
DA:85,0
DA:87,0
DA:88,0
DA:89,0
DA:90,0
DA:92,0
DA:93,0
DA:94,0
DA:95,0
DA:100,1
DA:101,1
DA:102,1
DA:103,1
DA:104,1
DA:116,1
DA:118,0
DA:119,0
DA:120,0
DA:121,1
DA:122,1
DA:123,0
DA:124,0
DA:126,0
DA:127,0
DA:128,1
DA:129,1
DA:132,0
DA:133,0
DA:134,0
DA:136,0
DA:137,0
DA:138,0
DA:141,2
DA:142,2
DA:144,0
DA:145,0
DA:147,2
LF:77
LH:32
BRDA:7,0,0,0
BRDA:7,0,1,5
BRDA:14,1,0,1
BRDA:14,1,1,0
BRDA:15,2,0,1
BRDA:15,2,1,0
BRDA:17,3,0,0
BRDA:17,3,1,0
BRDA:24,4,0,5
BRDA:24,4,1,0
BRDA:30,5,0,2
BRDA:30,5,1,1
BRDA:34,6,0,2
BRDA:34,6,1,0
BRDA:35,7,0,1
BRDA:35,7,1,1
BRDA:58,8,0,0
BRDA:58,8,1,0
BRDA:60,9,0,0
BRDA:60,9,1,0
BRDA:64,10,0,0
BRDA:64,10,1,0
BRDA:70,11,0,0
BRDA:70,11,1,0
BRDA:75,12,0,0
BRDA:75,12,1,0
BRDA:78,13,0,0
BRDA:78,13,1,0
BRDA:78,14,0,0
BRDA:78,14,1,0
BRDA:81,15,0,0
BRDA:81,15,1,0
BRDA:81,16,0,0
BRDA:81,16,1,0
BRDA:84,17,0,0
BRDA:84,17,1,0
BRDA:84,18,0,0
BRDA:84,18,1,0
BRDA:89,19,0,0
BRDA:89,19,1,0
BRDA:100,20,0,1
BRDA:100,20,1,0
BRDA:103,21,0,1
BRDA:103,21,1,0
BRDA:108,22,0,1
BRDA:108,22,1,0
BRDA:109,23,0,1
BRDA:109,23,1,0
BRDA:111,24,0,1
BRDA:111,24,1,1
BRDA:120,25,0,0
BRDA:120,25,1,0
BRDA:122,26,0,0
BRDA:122,26,1,1
BRDA:127,27,0,0
BRDA:127,27,1,0
BRDA:132,28,0,0
BRDA:132,28,1,0
BRDA:133,29,0,0
BRDA:133,29,1,0
BRDA:141,30,0,2
BRDA:141,30,1,0
BRF:62
BRH:17
end_of_record
TN:
SF:src\commands\init.ts
FN:16,detectProject
FN:21,claudeTemplate
FN:42,cursorTemplate
FN:60,codexTemplate
FN:77,geminiTemplate
FN:94,antigravityTemplate
FN:112,windsurfTemplate
FN:126,aiderTemplate
FN:172,initCommand
FN:289,(anonymous_9)
FNF:10
FNH:1
FNDA:10,detectProject
FNDA:0,claudeTemplate
FNDA:0,cursorTemplate
FNDA:0,codexTemplate
FNDA:0,geminiTemplate
FNDA:0,antigravityTemplate
FNDA:0,windsurfTemplate
FNDA:0,aiderTemplate
FNDA:0,initCommand
FNDA:0,(anonymous_9)
DA:17,10
DA:18,10
DA:22,0
DA:43,0
DA:61,0
DA:78,0
DA:95,0
DA:113,0
DA:127,0
DA:142,1
DA:156,1
DA:165,1
DA:173,0
DA:174,0
DA:175,0
DA:177,0
DA:178,0
DA:180,0
DA:182,0
DA:183,0
DA:184,0
DA:185,0
DA:189,0
DA:193,0
DA:194,0
DA:196,0
DA:197,0
DA:198,0
DA:199,0
DA:200,0
DA:203,0
DA:204,0
DA:206,0
DA:207,0
DA:208,0
DA:209,0
DA:212,0
DA:213,0
DA:214,0
DA:215,0
DA:217,0
DA:218,0
DA:220,0
DA:221,0
DA:224,0
DA:225,0
DA:227,0
DA:229,0
DA:232,0
DA:233,0
DA:234,0
DA:235,0
DA:236,0
DA:237,0
DA:243,0
DA:244,0
DA:249,0
DA:250,0
DA:251,0
DA:254,0
DA:255,0
DA:256,0
DA:257,0
DA:258,0
DA:261,0
DA:262,0
DA:275,0
DA:277,0
DA:278,0
DA:280,0
DA:284,0
DA:287,0
DA:289,0
DA:290,0
DA:292,0
LF:75
LH:5
BRDA:182,0,0,0
BRDA:182,0,1,0
BRDA:182,1,0,0
BRDA:182,1,1,0
BRDA:182,1,2,0
BRDA:189,2,0,0
BRDA:189,2,1,0
BRDA:189,3,0,0
BRDA:189,3,1,0
BRDA:198,4,0,0
BRDA:198,4,1,0
BRDA:203,5,0,0
BRDA:203,5,1,0
BRDA:206,6,0,0
BRDA:206,6,1,0
BRDA:217,7,0,0
BRDA:217,7,1,0
BRDA:224,8,0,0
BRDA:224,8,1,0
BRDA:225,9,0,0
BRDA:225,9,1,0
BRDA:229,10,0,0
BRDA:229,10,1,0
BRDA:232,11,0,0
BRDA:232,11,1,0
BRDA:232,11,2,0
BRDA:234,12,0,0
BRDA:234,12,1,0
BRDA:237,13,0,0
BRDA:237,13,1,0
BRDA:243,14,0,0
BRDA:243,14,1,0
BRDA:249,15,0,0
BRDA:249,15,1,0
BRDA:254,16,0,0
BRDA:254,16,1,0
BRDA:257,17,0,0
BRDA:257,17,1,0
BRDA:261,18,0,0
BRDA:261,18,1,0
BRDA:280,19,0,0
BRDA:280,19,1,0
BRDA:287,20,0,0
BRDA:287,20,1,0
BRF:44
BRH:0
end_of_record
TN:
SF:src\commands\install.ts
FN:12,installCommand
FN:48,installOneInteractive
FN:124,installBatchInteractive
FN:193,installAllInteractive
FN:259,installJson
FN:282,(anonymous_5)
FNF:6
FNH:3
FNDA:6,installCommand
FNDA:0,installOneInteractive
FNDA:0,installBatchInteractive
FNDA:0,installAllInteractive
FNDA:6,installJson
FNDA:1,(anonymous_5)
DA:16,6
DA:17,6
DA:20,0
DA:21,0
DA:23,0
DA:24,0
DA:25,0
DA:26,0
DA:27,0
DA:28,0
DA:31,0
DA:32,6
DA:34,6
DA:35,0
DA:36,0
DA:39,0
DA:40,0
DA:41,0
DA:42,0
DA:44,0
DA:55,0
DA:57,0
DA:58,0
DA:60,0
DA:61,0
DA:64,0
DA:65,0
DA:66,0
DA:67,0
DA:68,0
DA:69,0
DA:71,0
DA:72,0
DA:75,0
DA:76,0
DA:77,0
DA:78,0
DA:81,0
DA:82,0
DA:83,0
DA:84,0
DA:87,0
DA:88,0
DA:90,0
DA:91,0
DA:93,0
DA:94,0
DA:95,0
DA:96,0
DA:97,0
DA:98,0
DA:99,0
DA:100,0
DA:102,0
DA:105,0
DA:109,0
DA:110,0
DA:113,0
DA:114,0
DA:116,0
DA:118,0
DA:119,0
DA:120,0
DA:131,0
DA:133,0
DA:134,0
DA:135,0
DA:137,0
DA:138,0
DA:142,0
DA:143,0
DA:144,0
DA:145,0
DA:146,0
DA:147,0
DA:149,0
DA:150,0
DA:151,0
DA:152,0
DA:155,0
DA:156,0
DA:157,0
DA:158,0
DA:159,0
DA:161,0
DA:162,0
DA:164,0
DA:165,0
DA:166,0
DA:169,0
DA:171,0
DA:172,0
DA:173,0
DA:174,0
DA:176,0
DA:179,0
DA:180,0
DA:184,0
DA:185,0
DA:188,0
DA:190,0
DA:199,0
DA:201,0
DA:202,0
DA:204,0
DA:205,0
DA:206,0
DA:207,0
DA:208,0
DA:209,0
DA:211,0
DA:214,0
DA:215,0
DA:216,0
DA:219,0
DA:220,0
DA:221,0
DA:223,0
DA:225,0
DA:226,0
DA:228,0
DA:229,0
DA:232,0
DA:233,0
DA:234,0
DA:235,0
DA:236,0
DA:238,0
DA:239,0
DA:240,0
DA:241,0
DA:242,0
DA:244,0
DA:245,0
DA:250,0
DA:251,0
DA:252,0
DA:254,0
DA:256,0
DA:263,6
DA:264,1
DA:265,1
DA:268,6
DA:269,6
DA:270,6
DA:271,6
DA:272,6
DA:273,6
DA:275,6
DA:276,1
DA:277,1
DA:278,1
DA:279,1
DA:280,1
DA:281,1
DA:282,1
DA:284,0
DA:287,1
DA:288,1
DA:289,1
DA:290,1
DA:293,0
DA:294,0
DA:296,0
DA:297,0
DA:299,0
DA:300,0
DA:303,0
DA:304,0
DA:305,0
DA:306,0
DA:308,0
DA:309,0
DA:310,0
DA:312,0
DA:313,0
DA:316,0
DA:317,0
DA:321,0
DA:322,0
DA:323,0
DA:324,0
DA:326,5
DA:328,5
DA:329,1
DA:330,1
DA:333,4
DA:334,3
DA:335,3
DA:336,3
DA:337,1
DA:338,1
DA:340,2
DA:341,2
DA:342,1
DA:344,0
DA:347,4
DA:350,4
LF:198
LH:40
BRDA:16,0,0,6
BRDA:16,0,1,0
BRDA:23,1,0,0
BRDA:23,1,1,0
BRDA:23,2,0,0
BRDA:23,2,1,0
BRDA:31,3,0,0
BRDA:31,3,1,0
BRDA:32,4,0,0
BRDA:32,4,1,0
BRDA:34,5,0,0
BRDA:34,5,1,6
BRDA:39,6,0,0
BRDA:39,6,1,0
BRDA:41,7,0,0
BRDA:41,7,1,0
BRDA:60,8,0,0
BRDA:60,8,1,0
BRDA:65,9,0,0
BRDA:65,9,1,0
BRDA:66,10,0,0
BRDA:66,10,1,0
BRDA:75,11,0,0
BRDA:75,11,1,0
BRDA:75,12,0,0
BRDA:75,12,1,0
BRDA:77,13,0,0
BRDA:77,13,1,0
BRDA:81,14,0,0
BRDA:81,14,1,0
BRDA:93,15,0,0
BRDA:93,15,1,0
BRDA:95,16,0,0
BRDA:95,16,1,0
BRDA:98,17,0,0
BRDA:98,17,1,0
BRDA:106,18,0,0
BRDA:106,18,1,0
BRDA:106,19,0,0
BRDA:106,19,1,0
BRDA:109,20,0,0
BRDA:109,20,1,0
BRDA:113,21,0,0
BRDA:113,21,1,0
BRDA:114,22,0,0
BRDA:114,22,1,0
BRDA:137,23,0,0
BRDA:137,23,1,0
BRDA:142,24,0,0
BRDA:142,24,1,0
BRDA:146,25,0,0
BRDA:146,25,1,0
BRDA:146,26,0,0
BRDA:146,26,1,0
BRDA:149,27,0,0
BRDA:149,27,1,0
BRDA:150,28,0,0
BRDA:150,28,1,0
BRDA:164,29,0,0
BRDA:164,29,1,0
BRDA:164,30,0,0
BRDA:164,30,1,0
BRDA:173,31,0,0
BRDA:173,31,1,0
BRDA:180,32,0,0
BRDA:180,32,1,0
BRDA:186,33,0,0
BRDA:186,33,1,0
BRDA:186,34,0,0
BRDA:186,34,1,0
BRDA:190,35,0,0
BRDA:190,35,1,0
BRDA:204,36,0,0
BRDA:204,36,1,0
BRDA:211,37,0,0
BRDA:211,37,1,0
BRDA:228,38,0,0
BRDA:228,38,1,0
BRDA:234,39,0,0
BRDA:234,39,1,0
BRDA:234,40,0,0
BRDA:234,40,1,0
BRDA:241,41,0,0
BRDA:241,41,1,0
BRDA:245,42,0,0
BRDA:245,42,1,0
BRDA:250,43,0,0
BRDA:250,43,1,0
BRDA:251,44,0,0
BRDA:251,44,1,0
BRDA:252,45,0,0
BRDA:252,45,1,0
BRDA:256,46,0,0
BRDA:256,46,1,0
BRDA:263,47,0,1
BRDA:263,47,1,5
BRDA:263,48,0,6
BRDA:263,48,1,2
BRDA:268,49,0,6
BRDA:268,49,1,6
BRDA:269,50,0,1
BRDA:269,50,1,5
BRDA:275,51,0,1
BRDA:275,51,1,5
BRDA:276,52,0,1
BRDA:276,52,1,0
BRDA:284,53,0,0
BRDA:284,53,1,0
BRDA:288,54,0,0
BRDA:288,54,1,1
BRDA:299,55,0,0
BRDA:299,55,1,0
BRDA:304,56,0,0
BRDA:304,56,1,0
BRDA:304,57,0,0
BRDA:304,57,1,0
BRDA:310,58,0,0
BRDA:310,58,1,0
BRDA:313,59,0,0
BRDA:313,59,1,0
BRDA:317,60,0,0
BRDA:317,60,1,0
BRDA:322,61,0,0
BRDA:322,61,1,0
BRDA:323,62,0,0
BRDA:323,62,1,0
BRDA:328,63,0,1
BRDA:328,63,1,4
BRDA:336,64,0,1
BRDA:336,64,1,2
BRDA:336,65,0,3
BRDA:336,65,1,1
BRDA:341,66,0,1
BRDA:341,66,1,1
BRDA:350,67,0,1
BRDA:350,67,1,3
BRF:136
BRH:24
end_of_record
TN:
SF:src\commands\list.ts
FN:9,listCommand
FN:70,(anonymous_1)
FN:94,listInstalled
FN:97,(anonymous_3)
FN:101,(anonymous_4)
FNF:5
FNH:4
FNDA:5,listCommand
FNDA:0,(anonymous_1)
FNDA:2,listInstalled
FNDA:1,(anonymous_3)
FNDA:1,(anonymous_4)
DA:7,5
DA:16,5
DA:18,5
DA:19,2
DA:20,2
DA:23,3
DA:25,5
DA:26,1
DA:29,3
DA:30,5
DA:32,5
DA:41,5
DA:43,5
DA:44,3
DA:45,2
DA:46,1
DA:58,2
DA:60,2
DA:61,2
DA:62,2
DA:65,0
DA:66,0
DA:68,0
DA:69,0
DA:70,0
DA:79,0
DA:82,0
DA:84,1
DA:85,1
DA:86,1
DA:88,0
DA:89,0
DA:90,0
DA:95,2
DA:96,2
DA:97,1
DA:100,2
DA:101,2
DA:102,1
DA:103,1
DA:110,2
DA:111,2
DA:114,0
DA:115,0
DA:116,0
DA:117,0
DA:120,0
DA:121,0
DA:122,0
DA:123,0
DA:131,0
DA:132,0
DA:133,0
DA:134,0
LF:54
LH:32
BRDA:16,0,0,0
BRDA:16,0,1,5
BRDA:18,1,0,2
BRDA:18,1,1,3
BRDA:23,2,0,0
BRDA:23,2,1,3
BRDA:25,3,0,1
BRDA:25,3,1,4
BRDA:29,4,0,3
BRDA:29,4,1,0
BRDA:60,5,0,2
BRDA:60,5,1,0
BRDA:65,6,0,0
BRDA:65,6,1,0
BRDA:71,7,0,0
BRDA:71,7,1,0
BRDA:74,8,0,0
BRDA:74,8,1,0
BRDA:75,9,0,0
BRDA:75,9,1,0
BRDA:76,10,0,0
BRDA:76,10,1,0
BRDA:77,11,0,0
BRDA:77,11,1,0
BRDA:84,12,0,1
BRDA:84,12,1,0
BRDA:85,13,0,1
BRDA:85,13,1,0
BRDA:96,14,0,1
BRDA:96,14,1,1
BRDA:100,15,0,2
BRDA:100,15,1,0
BRDA:105,16,0,1
BRDA:105,16,1,0
BRDA:106,17,0,1
BRDA:106,17,1,0
BRDA:107,18,0,1
BRDA:107,18,1,0
BRDA:114,19,0,0
BRDA:114,19,1,0
BRDA:125,20,0,0
BRDA:125,20,1,0
BRDA:126,21,0,0
BRDA:126,21,1,0
BRDA:127,22,0,0
BRDA:127,22,1,0
BRF:46
BRH:16
end_of_record
TN:
SF:src\commands\lock.ts
FN:10,readSkillFiles
FN:28,lockCommand
FN:35,generateMode
FN:53,(anonymous_3)
FN:66,(anonymous_4)
FN:67,(anonymous_5)
FN:90,ciMode
FN:121,(anonymous_7)
FN:130,(anonymous_8)
FN:146,(anonymous_9)
FN:147,(anonymous_10)
FNF:11
FNH:9
FNDA:5,readSkillFiles
FNDA:6,lockCommand
FNDA:3,generateMode
FNDA:3,(anonymous_3)
FNDA:0,(anonymous_4)
FNDA:3,(anonymous_5)
FNDA:3,ciMode
FNDA:2,(anonymous_7)
FNDA:2,(anonymous_8)
FNDA:0,(anonymous_9)
FNDA:2,(anonymous_10)
DA:11,5
DA:12,5
DA:13,5
DA:14,5
DA:15,5
DA:16,5
DA:17,5
DA:18,5
DA:20,5
DA:21,5
DA:25,5
DA:29,6
DA:30,3
DA:32,3
DA:36,3
DA:37,2
DA:38,2
DA:39,2
DA:42,3
DA:43,3
DA:44,1
DA:45,0
DA:47,1
DA:49,1
DA:50,1
DA:53,2
DA:54,3
DA:55,3
DA:57,0
DA:61,2
DA:63,2
DA:64,3
DA:65,3
DA:66,3
DA:67,3
DA:68,3
DA:70,3
DA:71,3
DA:80,2
DA:82,2
DA:83,1
DA:85,1
DA:86,1
DA:91,3
DA:92,3
DA:93,3
DA:94,3
DA:97,3
DA:98,3
DA:99,1
DA:100,1
DA:101,1
DA:102,0
DA:113,1
DA:115,1
DA:119,3
DA:120,3
DA:122,2
DA:123,2
DA:125,0
DA:130,3
DA:131,3
DA:133,3
DA:134,3
DA:135,3
DA:138,3
DA:139,2
DA:140,0
DA:141,0
DA:144,2
DA:145,2
DA:146,2
DA:147,2
DA:148,2
DA:150,2
DA:151,1
DA:156,3
DA:157,2
DA:158,0
DA:162,3
DA:164,3
DA:165,0
DA:167,3
DA:168,2
DA:169,2
DA:171,1
DA:172,1
DA:174,1
DA:175,0
DA:177,1
DA:178,0
DA:180,1
DA:184,3
DA:185,1
LF:94
LH:84
BRDA:18,0,0,0
BRDA:18,0,1,5
BRDA:18,1,0,5
BRDA:18,1,1,0
BRDA:29,2,0,3
BRDA:29,2,1,3
BRDA:36,3,0,2
BRDA:36,3,1,1
BRDA:43,4,0,1
BRDA:43,4,1,2
BRDA:44,5,0,0
BRDA:44,5,1,1
BRDA:73,6,0,3
BRDA:73,6,1,0
BRDA:75,7,0,3
BRDA:75,7,1,0
BRDA:76,8,0,3
BRDA:76,8,1,0
BRDA:82,9,0,1
BRDA:82,9,1,1
BRDA:91,10,0,3
BRDA:91,10,1,0
BRDA:98,11,0,1
BRDA:98,11,1,2
BRDA:100,12,0,1
BRDA:100,12,1,0
BRDA:101,13,0,0
BRDA:101,13,1,1
BRDA:120,14,0,2
BRDA:120,14,1,1
BRDA:139,15,0,0
BRDA:139,15,1,2
BRDA:150,16,0,1
BRDA:150,16,1,1
BRDA:157,17,0,0
BRDA:157,17,1,2
BRDA:162,18,0,3
BRDA:162,18,1,2
BRDA:162,18,2,2
BRDA:164,19,0,0
BRDA:164,19,1,3
BRDA:167,20,0,2
BRDA:167,20,1,1
BRDA:171,21,0,1
BRDA:171,21,1,0
BRDA:174,22,0,0
BRDA:174,22,1,1
BRDA:177,23,0,0
BRDA:177,23,1,1
BRDA:184,24,0,1
BRDA:184,24,1,2
BRF:51
BRH:36
end_of_record
TN:
SF:src\commands\optimize.ts
FN:14,readSettings
FN:24,checkAutocompact
FN:65,checkEffortLevel
FN:86,checkNonEssentialCalls
FN:101,checkSkillTokenBudget
FN:122,(anonymous_5)
FN:125,(anonymous_6)
FN:149,checkDiskHealth
FN:175,checkPreCompactHook
FN:200,checkMemorySize
FN:227,(anonymous_10)
FN:237,checkAgentBloat
FN:296,checkLargestSkills
FN:315,(anonymous_13)
FN:316,(anonymous_14)
FN:320,(anonymous_15)
FN:346,optimizeCommand
FN:379,(anonymous_17)
FNF:18
FNH:12
FNDA:18,readSettings
FNDA:6,checkAutocompact
FNDA:6,checkEffortLevel
FNDA:6,checkNonEssentialCalls
FNDA:6,checkSkillTokenBudget
FNDA:0,(anonymous_5)
FNDA:0,(anonymous_6)
FNDA:6,checkDiskHealth
FNDA:6,checkPreCompactHook
FNDA:6,checkMemorySize
FNDA:0,(anonymous_10)
FNDA:6,checkAgentBloat
FNDA:6,checkLargestSkills
FNDA:0,(anonymous_13)
FNDA:0,(anonymous_14)
FNDA:0,(anonymous_15)
FNDA:6,optimizeCommand
FNDA:9,(anonymous_17)
DA:15,18
DA:16,18
DA:17,15
DA:18,15
DA:20,0
DA:25,6
DA:26,6
DA:27,1
DA:35,5
DA:36,5
DA:37,6
DA:38,3
DA:45,2
DA:46,2
DA:47,1
DA:54,1
DA:55,0
DA:62,1
DA:66,6
DA:67,6
DA:68,6
DA:69,6
DA:70,6
DA:72,0
DA:73,0
DA:80,0
DA:81,0
DA:83,0
DA:87,6
DA:88,6
DA:89,6
DA:90,6
DA:91,0
DA:93,6
DA:102,6
DA:103,6
DA:104,6
DA:107,0
DA:108,0
DA:109,0
DA:111,0
DA:112,0
DA:113,0
DA:114,0
DA:115,0
DA:116,0
DA:117,0
DA:120,0
DA:121,0
DA:122,0
DA:123,0
DA:125,0
DA:127,0
DA:134,0
DA:135,0
DA:142,0
DA:150,6
DA:151,6
DA:152,1
DA:155,5
DA:156,5
DA:157,0
DA:164,5
DA:165,0
DA:172,5
DA:177,6
DA:179,6
DA:180,12
DA:181,5
DA:182,5
DA:183,5
DA:184,12
DA:185,0
DA:188,0
DA:192,6
DA:201,6
DA:202,6
DA:203,6
DA:206,0
DA:208,0
DA:209,0
DA:210,0
DA:211,0
DA:212,0
DA:213,0
DA:214,0
DA:215,0
DA:216,0
DA:219,0
DA:223,0
DA:224,0
DA:227,0
DA:228,0
DA:229,0
DA:238,6
DA:239,6
DA:240,6
DA:243,0
DA:244,0
DA:245,0
DA:246,0
DA:248,0
DA:249,0
DA:250,0
DA:252,0
DA:253,0
DA:254,0
DA:255,0
DA:256,0
DA:257,0
DA:258,0
DA:260,0
DA:261,0
DA:264,0
DA:269,0
DA:270,0
DA:271,0
DA:273,6
DA:274,0
DA:281,0
DA:282,0
DA:289,0
DA:297,6
DA:298,6
DA:299,6
DA:302,0
DA:304,0
DA:305,0
DA:306,0
DA:307,0
DA:308,0
DA:311,0
DA:312,0
DA:315,0
DA:316,0
DA:317,0
DA:318,0
DA:320,0
DA:323,0
DA:324,0
DA:331,0
DA:332,0
DA:339,0
DA:347,6
DA:348,1
DA:349,1
DA:352,6
DA:364,6
DA:365,5
DA:366,5
DA:369,1
DA:371,9
DA:373,9
DA:374,9
DA:375,3
DA:379,9
DA:380,1
DA:381,1
DA:382,0
DA:384,1
DA:390,1
LF:161
LH:71
BRDA:16,0,0,3
BRDA:16,0,1,15
BRDA:26,1,0,1
BRDA:26,1,1,5
BRDA:37,2,0,3
BRDA:37,2,1,3
BRDA:46,3,0,1
BRDA:46,3,1,1
BRDA:54,4,0,0
BRDA:54,4,1,1
BRDA:67,5,0,6
BRDA:67,5,1,4
BRDA:69,6,0,6
BRDA:69,6,1,0
BRDA:72,7,0,0
BRDA:72,7,1,0
BRDA:80,8,0,0
BRDA:80,8,1,0
BRDA:88,9,0,6
BRDA:88,9,1,4
BRDA:90,10,0,0
BRDA:90,10,1,6
BRDA:90,11,0,6
BRDA:90,11,1,6
BRDA:103,12,0,6
BRDA:103,12,1,0
BRDA:113,13,0,0
BRDA:113,13,1,0
BRDA:117,14,0,0
BRDA:117,14,1,0
BRDA:121,15,0,0
BRDA:121,15,1,0
BRDA:134,16,0,0
BRDA:134,16,1,0
BRDA:151,17,0,1
BRDA:151,17,1,5
BRDA:156,18,0,0
BRDA:156,18,1,5
BRDA:164,19,0,0
BRDA:164,19,1,5
BRDA:180,20,0,7
BRDA:180,20,1,5
BRDA:184,21,0,0
BRDA:184,21,1,12
BRDA:184,22,0,12
BRDA:184,22,1,0
BRDA:184,22,2,0
BRDA:202,23,0,6
BRDA:202,23,1,0
BRDA:211,24,0,0
BRDA:211,24,1,0
BRDA:215,25,0,0
BRDA:215,25,1,0
BRDA:223,26,0,0
BRDA:223,26,1,0
BRDA:232,27,0,0
BRDA:232,27,1,0
BRDA:239,28,0,6
BRDA:239,28,1,0
BRDA:250,29,0,0
BRDA:250,29,1,0
BRDA:253,30,0,0
BRDA:253,30,1,0
BRDA:256,31,0,0
BRDA:256,31,1,0
BRDA:271,32,0,0
BRDA:271,32,1,0
BRDA:273,33,0,0
BRDA:273,33,1,6
BRDA:273,34,0,6
BRDA:273,34,1,0
BRDA:281,35,0,0
BRDA:281,35,1,0
BRDA:298,36,0,6
BRDA:298,36,1,0
BRDA:306,37,0,0
BRDA:306,37,1,0
BRDA:311,38,0,0
BRDA:311,38,1,0
BRDA:323,39,0,0
BRDA:323,39,1,0
BRDA:331,40,0,0
BRDA:331,40,1,0
BRDA:347,41,0,1
BRDA:347,41,1,5
BRDA:364,42,0,5
BRDA:364,42,1,1
BRDA:371,43,0,6
BRDA:371,43,1,3
BRDA:371,44,0,3
BRDA:371,44,1,0
BRDA:374,45,0,3
BRDA:374,45,1,6
BRDA:381,46,0,0
BRDA:381,46,1,1
BRDA:386,47,0,1
BRDA:386,47,1,0
BRF:97
BRH:42
end_of_record
TN:
SF:src\commands\outdated.ts
FN:21,listInstalledSkills
FN:47,outdatedCommand
FN:91,(anonymous_2)
FN:155,(anonymous_3)
FN:156,(anonymous_4)
FN:157,(anonymous_5)
FN:158,(anonymous_6)
FNF:7
FNH:7
FNDA:5,listInstalledSkills
FNDA:5,outdatedCommand
FNDA:5,(anonymous_2)
FNDA:2,(anonymous_3)
FNDA:2,(anonymous_4)
FNDA:2,(anonymous_5)
FNDA:2,(anonymous_6)
DA:22,5
DA:25,4
DA:26,4
DA:28,0
DA:31,4
DA:32,4
DA:33,5
DA:34,5
DA:35,5
DA:36,5
DA:37,5
DA:44,4
DA:48,5
DA:49,5
DA:51,5
DA:52,1
DA:53,0
DA:55,1
DA:57,1
DA:60,5
DA:61,5
DA:63,5
DA:64,1
DA:65,0
DA:74,1
DA:76,1
DA:79,5
DA:80,5
DA:81,5
DA:83,5
DA:84,5
DA:85,5
DA:86,5
DA:89,5
DA:90,5
DA:91,5
DA:92,5
DA:93,0
DA:94,0
DA:98,5
DA:99,5
DA:100,5
DA:101,5
DA:102,4
DA:104,4
DA:105,4
DA:106,5
DA:108,5
DA:109,2
DA:116,2
DA:119,4
DA:120,4
DA:121,4
DA:127,5
DA:129,1
DA:130,1
DA:134,5
DA:140,5
DA:141,1
DA:142,1
DA:146,5
DA:147,5
DA:149,5
DA:150,3
DA:151,3
DA:155,5
DA:156,5
DA:157,5
DA:158,5
DA:161,5
DA:170,5
DA:178,5
DA:179,5
DA:181,5
DA:182,2
DA:193,5
DA:194,5
DA:196,5
LF:78
LH:73
BRDA:22,0,0,1
BRDA:22,0,1,4
BRDA:36,1,0,5
BRDA:36,1,1,0
BRDA:36,2,0,5
BRDA:36,2,1,5
BRDA:51,3,0,1
BRDA:51,3,1,4
BRDA:52,4,0,0
BRDA:52,4,1,1
BRDA:60,5,0,5
BRDA:60,5,1,5
BRDA:61,6,0,0
BRDA:61,6,1,5
BRDA:63,7,0,1
BRDA:63,7,1,4
BRDA:64,8,0,0
BRDA:64,8,1,1
BRDA:85,9,0,5
BRDA:85,9,1,0
BRDA:90,10,0,5
BRDA:90,10,1,0
BRDA:92,11,0,0
BRDA:92,11,1,5
BRDA:102,12,0,0
BRDA:102,12,1,4
BRDA:105,13,0,4
BRDA:105,13,1,0
BRDA:106,14,0,5
BRDA:106,14,1,0
BRDA:108,15,0,2
BRDA:108,15,1,2
BRDA:127,16,0,1
BRDA:127,16,1,4
BRDA:140,17,0,1
BRDA:140,17,1,4
BRDA:149,18,0,3
BRDA:149,18,1,2
BRF:38
BRH:28
end_of_record
TN:
SF:src\commands\profile.ts
FN:7,getProfilesPath
FN:11,readProfiles
FN:21,writeProfiles
FN:29,profileCommand
FN:55,listProfiles
FN:78,createProfile
FN:144,deleteProfile
FN:176,showProfile
FN:210,applyProfile
FN:269,(anonymous_9)
FNF:10
FNH:10
FNDA:11,getProfilesPath
FNDA:8,readProfiles
FNDA:3,writeProfiles
FNDA:8,profileCommand
FNDA:2,listProfiles
FNDA:2,createProfile
FNDA:1,deleteProfile
FNDA:2,showProfile
FNDA:1,applyProfile
FNDA:1,(anonymous_9)
DA:8,11
DA:12,8
DA:13,8
DA:14,4
DA:15,4
DA:17,0
DA:22,3
DA:23,3
DA:24,0
DA:26,3
DA:35,8
DA:37,8
DA:39,2
DA:41,2
DA:43,1
DA:45,2
DA:47,1
DA:49,0
DA:50,0
DA:51,0
DA:56,2
DA:57,2
DA:59,2
DA:60,0
DA:61,0
DA:64,2
DA:65,1
DA:66,1
DA:67,1
DA:70,1
DA:71,1
DA:72,2
DA:73,2
DA:75,1
DA:79,2
DA:80,0
DA:81,0
DA:83,0
DA:84,0
DA:86,0
DA:89,2
DA:90,2
DA:92,0
DA:93,0
DA:95,0
DA:97,0
DA:100,2
DA:101,0
DA:102,0
DA:104,0
DA:105,0
DA:107,0
DA:110,2
DA:111,4
DA:112,4
DA:114,0
DA:115,0
DA:117,0
DA:119,0
DA:123,2
DA:125,2
DA:126,0
DA:127,0
DA:129,0
DA:131,0
DA:134,2
DA:135,2
DA:137,2
DA:138,1
DA:140,1
DA:145,1
DA:146,0
DA:147,0
DA:149,0
DA:150,0
DA:152,0
DA:155,1
DA:157,1
DA:158,0
DA:159,0
DA:161,0
DA:163,0
DA:166,1
DA:167,1
DA:169,1
DA:170,0
DA:172,1
DA:177,2
DA:178,0
DA:179,0
DA:181,0
DA:182,0
DA:184,0
DA:187,2
DA:188,2
DA:190,2
DA:191,1
DA:192,0
DA:194,1
DA:196,1
DA:199,1
DA:200,0
DA:202,1
DA:203,1
DA:204,3
DA:206,1
DA:211,1
DA:212,0
DA:213,0
DA:215,0
DA:216,0
DA:218,0
DA:221,1
DA:222,1
DA:224,1
DA:225,0
DA:226,0
DA:228,0
DA:230,0
DA:233,1
DA:234,0
DA:235,0
DA:237,0
DA:239,0
DA:242,1
DA:243,1
DA:244,1
DA:246,1
DA:247,1
DA:249,1
DA:250,1
DA:251,1
DA:253,1
DA:254,2
DA:255,1
DA:256,1
DA:259,1
DA:260,1
DA:261,1
DA:262,1
DA:263,1
DA:269,1
DA:271,2
DA:273,0
DA:274,0
DA:275,0
DA:280,1
DA:281,1
DA:283,0
DA:284,0
DA:285,0
DA:286,0
DA:287,0
DA:290,1
LF:154
LH:87
BRDA:13,0,0,4
BRDA:13,0,1,4
BRDA:23,1,0,0
BRDA:23,1,1,3
BRDA:35,2,0,8
BRDA:35,2,1,0
BRDA:37,3,0,2
BRDA:37,3,1,2
BRDA:37,3,2,1
BRDA:37,3,3,2
BRDA:37,3,4,1
BRDA:37,3,5,0
BRDA:59,4,0,0
BRDA:59,4,1,2
BRDA:64,5,0,1
BRDA:64,5,1,1
BRDA:79,6,0,0
BRDA:79,6,1,2
BRDA:80,7,0,0
BRDA:80,7,1,0
BRDA:92,8,0,0
BRDA:92,8,1,0
BRDA:93,9,0,0
BRDA:93,9,1,0
BRDA:95,10,0,0
BRDA:95,10,1,0
BRDA:100,11,0,0
BRDA:100,11,1,2
BRDA:101,12,0,0
BRDA:101,12,1,0
BRDA:114,13,0,0
BRDA:114,13,1,0
BRDA:115,14,0,0
BRDA:115,14,1,0
BRDA:117,15,0,0
BRDA:117,15,1,0
BRDA:125,16,0,0
BRDA:125,16,1,2
BRDA:126,17,0,0
BRDA:126,17,1,0
BRDA:137,18,0,1
BRDA:137,18,1,1
BRDA:145,19,0,0
BRDA:145,19,1,1
BRDA:146,20,0,0
BRDA:146,20,1,0
BRDA:157,21,0,0
BRDA:157,21,1,1
BRDA:158,22,0,0
BRDA:158,22,1,0
BRDA:169,23,0,0
BRDA:169,23,1,1
BRDA:177,24,0,0
BRDA:177,24,1,2
BRDA:178,25,0,0
BRDA:178,25,1,0
BRDA:190,26,0,1
BRDA:190,26,1,1
BRDA:191,27,0,0
BRDA:191,27,1,1
BRDA:199,28,0,0
BRDA:199,28,1,1
BRDA:211,29,0,0
BRDA:211,29,1,1
BRDA:212,30,0,0
BRDA:212,30,1,0
BRDA:224,31,0,0
BRDA:224,31,1,1
BRDA:225,32,0,0
BRDA:225,32,1,0
BRDA:233,33,0,0
BRDA:233,33,1,1
BRDA:234,34,0,0
BRDA:234,34,1,0
BRDA:254,35,0,1
BRDA:254,35,1,1
BRDA:264,36,0,1
BRDA:264,36,1,0
BRDA:274,37,0,0
BRDA:274,37,1,0
BRDA:274,38,0,0
BRDA:274,38,1,0
BRDA:280,39,0,1
BRDA:280,39,1,0
BRDA:284,40,0,0
BRDA:284,40,1,0
BRDA:285,41,0,0
BRDA:285,41,1,0
BRDA:286,42,0,0
BRDA:286,42,1,0
BRDA:290,43,0,0
BRDA:290,43,1,1
BRF:92
BRH:33
end_of_record
TN:
SF:src\commands\providers.ts
FN:6,providersCommand
FN:74,(anonymous_1)
FN:89,(anonymous_2)
FNF:3
FNH:2
FNDA:4,providersCommand
FNDA:2,(anonymous_1)
FNDA:0,(anonymous_2)
DA:7,4
DA:9,4
DA:10,1
DA:11,1
DA:12,1
DA:13,1
DA:14,1
DA:15,1
DA:16,1
DA:18,0
DA:19,0
DA:20,0
DA:22,0
DA:23,0
DA:25,0
DA:26,0
DA:27,0
DA:29,0
DA:32,1
DA:33,1
DA:34,1
DA:35,1
DA:37,0
DA:38,0
DA:39,0
DA:41,1
DA:44,3
DA:45,2
DA:46,1
DA:47,1
DA:49,0
DA:50,0
DA:52,1
DA:54,1
DA:55,1
DA:56,1
DA:57,1
DA:59,0
DA:60,0
DA:62,0
DA:64,0
DA:66,1
DA:69,1
DA:71,1
DA:72,1
DA:74,2
DA:83,1
DA:86,0
DA:87,0
DA:89,0
DA:96,0
DA:97,0
DA:98,0
DA:99,0
DA:100,0
LF:55
LH:29
BRDA:7,0,0,0
BRDA:7,0,1,4
BRDA:9,1,0,1
BRDA:9,1,1,3
BRDA:12,2,0,1
BRDA:12,2,1,0
BRDA:22,3,0,0
BRDA:22,3,1,0
BRDA:34,4,0,1
BRDA:34,4,1,0
BRDA:44,5,0,2
BRDA:44,5,1,1
BRDA:45,6,0,1
BRDA:45,6,1,1
BRDA:46,7,0,1
BRDA:46,7,1,0
BRDA:55,8,0,1
BRDA:55,8,1,0
BRDA:56,9,0,1
BRDA:56,9,1,0
BRDA:59,10,0,0
BRDA:59,10,1,0
BRDA:71,11,0,1
BRDA:71,11,1,0
BRDA:90,12,0,0
BRDA:90,12,1,0
BRDA:93,13,0,0
BRDA:93,13,1,0
BRF:28
BRH:13
end_of_record
TN:
SF:src\commands\recommend.ts
FN:9,recommendCommand
FN:51,(anonymous_1)
FN:52,(anonymous_2)
FN:53,(anonymous_3)
FN:54,(anonymous_4)
FN:103,printVerdict
FN:110,formatVerdict
FNF:7
FNH:6
FNDA:4,recommendCommand
FNDA:8,(anonymous_1)
FNDA:8,(anonymous_2)
FNDA:8,(anonymous_3)
FNDA:8,(anonymous_4)
FNDA:0,printVerdict
FNDA:4,formatVerdict
DA:10,4
DA:11,4
DA:13,4
DA:14,0
DA:15,0
DA:16,0
DA:17,0
DA:19,0
DA:20,0
DA:25,4
DA:26,4
DA:27,4
DA:28,4
DA:29,4
DA:30,4
DA:32,0
DA:33,0
DA:38,4
DA:39,0
DA:40,0
DA:42,0
DA:44,0
DA:48,4
DA:49,4
DA:51,8
DA:52,8
DA:53,8
DA:54,8
DA:56,4
DA:57,4
DA:64,4
DA:65,4
DA:69,0
DA:70,0
DA:71,0
DA:72,0
DA:73,0
DA:77,0
DA:78,0
DA:79,0
DA:80,0
DA:81,0
DA:85,0
DA:86,0
DA:87,0
DA:88,0
DA:89,0
DA:93,0
DA:94,0
DA:95,0
DA:96,0
DA:99,0
DA:100,0
DA:104,0
DA:105,0
DA:111,4
LF:56
LH:21
BRDA:13,0,0,0
BRDA:13,0,1,4
BRDA:16,1,0,0
BRDA:16,1,1,0
BRDA:19,2,0,0
BRDA:19,2,1,0
BRDA:32,3,0,0
BRDA:32,3,1,0
BRDA:33,4,0,0
BRDA:33,4,1,0
BRDA:38,5,0,0
BRDA:38,5,1,4
BRDA:39,6,0,0
BRDA:39,6,1,0
BRDA:49,7,0,4
BRDA:49,7,1,3
BRDA:56,8,0,4
BRDA:56,8,1,0
BRDA:69,9,0,0
BRDA:69,9,1,0
BRDA:77,10,0,0
BRDA:77,10,1,0
BRDA:85,11,0,0
BRDA:85,11,1,0
BRDA:94,12,0,0
BRDA:94,12,1,0
BRDA:96,13,0,0
BRDA:96,13,1,0
BRDA:104,14,0,0
BRDA:104,14,1,0
BRF:30
BRH:5
end_of_record
TN:
SF:src\commands\scan.ts
FN:7,scanCommand
FN:26,(anonymous_1)
FN:70,(anonymous_2)
FN:71,(anonymous_3)
FN:72,(anonymous_4)
FN:91,(anonymous_5)
FN:94,(anonymous_6)
FNF:7
FNH:7
FNDA:5,scanCommand
FNDA:2,(anonymous_1)
FNDA:1,(anonymous_2)
FNDA:1,(anonymous_3)
FNDA:1,(anonymous_4)
FNDA:3,(anonymous_5)
FNDA:1,(anonymous_6)
DA:8,5
DA:9,0
DA:10,0
DA:13,5
DA:14,5
DA:15,1
DA:16,1
DA:18,0
DA:19,0
DA:21,1
DA:25,4
DA:26,2
DA:27,2
DA:28,1
DA:30,1
DA:31,1
DA:33,0
DA:34,0
DA:35,0
DA:36,0
DA:38,1
DA:47,3
DA:48,3
DA:49,3
DA:50,3
DA:51,3
DA:52,3
DA:54,3
DA:55,3
DA:56,3
DA:57,1
DA:58,1
DA:61,2
DA:62,2
DA:63,2
DA:64,2
DA:66,2
DA:67,1
DA:69,1
DA:70,1
DA:71,1
DA:72,1
DA:75,0
DA:79,3
DA:80,3
DA:91,3
DA:94,1
DA:101,3
DA:102,2
DA:106,0
DA:107,0
DA:108,0
DA:109,0
DA:111,0
DA:114,0
DA:115,0
DA:116,0
DA:117,0
DA:118,0
DA:119,0
DA:120,0
DA:122,0
DA:123,0
DA:125,0
DA:127,0
LF:65
LH:40
BRDA:8,0,0,0
BRDA:8,0,1,5
BRDA:14,1,0,1
BRDA:14,1,1,4
BRDA:15,2,0,1
BRDA:15,2,1,0
BRDA:25,3,0,2
BRDA:25,3,1,2
BRDA:27,4,0,1
BRDA:27,4,1,1
BRDA:30,5,0,1
BRDA:30,5,1,0
BRDA:56,6,0,1
BRDA:56,6,1,2
BRDA:66,7,0,1
BRDA:66,7,1,1
BRDA:75,8,0,0
BRDA:75,8,1,0
BRDA:79,9,0,3
BRDA:79,9,1,0
BRDA:93,10,0,1
BRDA:93,10,1,2
BRDA:101,11,0,1
BRDA:101,11,1,2
BRDA:107,12,0,0
BRDA:107,12,1,0
BRDA:116,13,0,0
BRDA:116,13,1,0
BRDA:117,14,0,0
BRDA:117,14,1,0
BRDA:118,15,0,0
BRDA:118,15,1,0
BRDA:119,16,0,0
BRDA:119,16,1,0
BRDA:122,17,0,0
BRDA:122,17,1,0
BRDA:127,18,0,0
BRDA:127,18,1,0
BRF:38
BRH:18
end_of_record
TN:
SF:src\commands\search.ts
FN:7,searchCommand
FN:46,(anonymous_1)
FN:46,(anonymous_2)
FN:52,(anonymous_3)
FN:53,(anonymous_4)
FN:54,(anonymous_5)
FN:66,(anonymous_6)
FN:87,(anonymous_7)
FNF:8
FNH:2
FNDA:3,searchCommand
FNDA:0,(anonymous_1)
FNDA:0,(anonymous_2)
FNDA:0,(anonymous_3)
FNDA:0,(anonymous_4)
FNDA:0,(anonymous_5)
FNDA:1,(anonymous_6)
FNDA:0,(anonymous_7)
DA:11,3
DA:13,3
DA:15,3
DA:16,0
DA:18,3
DA:19,3
DA:21,3
DA:23,3
DA:24,3
DA:25,3
DA:26,2
DA:27,1
DA:34,1
DA:35,1
DA:36,1
DA:38,0
DA:39,0
DA:40,0
DA:44,2
DA:45,0
DA:46,0
DA:50,2
DA:51,0
DA:52,0
DA:53,0
DA:54,0
DA:55,0
DA:59,2
DA:61,2
DA:62,2
DA:66,1
DA:79,2
DA:82,0
DA:83,0
DA:85,0
DA:86,0
DA:87,0
DA:94,0
DA:97,0
LF:39
LH:21
BRDA:11,0,0,0
BRDA:11,0,1,3
BRDA:15,1,0,0
BRDA:15,1,1,3
BRDA:18,2,0,3
BRDA:18,2,1,0
BRDA:34,3,0,1
BRDA:34,3,1,0
BRDA:35,4,0,1
BRDA:35,4,1,0
BRDA:44,5,0,0
BRDA:44,5,1,2
BRDA:50,6,0,0
BRDA:50,6,1,2
BRDA:53,7,0,0
BRDA:53,7,1,0
BRDA:54,8,0,0
BRDA:54,8,1,0
BRDA:61,9,0,2
BRDA:61,9,1,0
BRDA:82,10,0,0
BRDA:82,10,1,0
BRDA:83,11,0,0
BRDA:83,11,1,0
BRDA:88,12,0,0
BRDA:88,12,1,0
BRDA:89,13,0,0
BRDA:89,13,1,0
BRDA:90,14,0,0
BRDA:90,14,1,0
BRDA:92,15,0,0
BRDA:92,15,1,0
BRF:32
BRH:8
end_of_record
TN:
SF:src\commands\stats.ts
FN:16,discoverSessions
FN:63,formatBytes
FN:70,getDiskBreakdown
FN:91,(anonymous_3)
FN:95,getProjectBreakdown
FN:103,(anonymous_5)
FN:107,(anonymous_6)
FN:111,statsCommand
FN:126,(anonymous_8)
FN:127,(anonymous_9)
FN:132,(anonymous_10)
FN:133,(anonymous_11)
FN:142,(anonymous_12)
FN:147,(anonymous_13)
FN:152,(anonymous_14)
FN:153,(anonymous_15)
FN:162,(anonymous_16)
FN:163,(anonymous_17)
FN:166,(anonymous_18)
FN:190,(anonymous_19)
FN:191,(anonymous_20)
FN:201,(anonymous_21)
FN:212,(anonymous_22)
FN:230,(anonymous_23)
FNF:24
FNH:18
FNDA:8,discoverSessions
FNDA:0,formatBytes
FNDA:5,getDiskBreakdown
FNDA:18,(anonymous_3)
FNDA:5,getProjectBreakdown
FNDA:9,(anonymous_5)
FNDA:2,(anonymous_6)
FNDA:8,statsCommand
FNDA:9,(anonymous_8)
FNDA:9,(anonymous_9)
FNDA:9,(anonymous_10)
FNDA:6,(anonymous_11)
FNDA:2,(anonymous_12)
FNDA:20,(anonymous_13)
FNDA:20,(anonymous_14)
FNDA:12,(anonymous_15)
FNDA:7,(anonymous_16)
FNDA:20,(anonymous_17)
FNDA:7,(anonymous_18)
FNDA:0,(anonymous_19)
FNDA:0,(anonymous_20)
FNDA:0,(anonymous_21)
FNDA:0,(anonymous_22)
FNDA:0,(anonymous_23)
DA:17,8
DA:18,8
DA:20,5
DA:22,5
DA:23,7
DA:24,7
DA:26,7
DA:27,9
DA:28,9
DA:29,9
DA:32,9
DA:33,9
DA:34,9
DA:35,9
DA:36,9
DA:38,9
DA:39,9
DA:40,84
DA:44,9
DA:47,0
DA:50,9
DA:60,5
DA:64,0
DA:65,0
DA:66,0
DA:67,0
DA:71,5
DA:72,5
DA:83,5
DA:85,5
DA:86,45
DA:87,45
DA:88,20
DA:91,18
DA:92,5
DA:96,5
DA:97,5
DA:99,5
DA:100,5
DA:101,7
DA:102,7
DA:103,9
DA:104,7
DA:107,5
DA:108,5
DA:112,8
DA:114,8
DA:116,8
DA:117,3
DA:118,2
DA:120,1
DA:121,1
DA:123,3
DA:126,9
DA:127,9
DA:128,5
DA:130,5
DA:132,9
DA:133,6
DA:134,5
DA:135,5
DA:138,5
DA:139,5
DA:140,9
DA:142,5
DA:145,5
DA:146,5
DA:147,20
DA:150,5
DA:151,5
DA:152,20
DA:153,12
DA:155,5
DA:156,5
DA:162,7
DA:163,20
DA:166,7
DA:169,5
DA:170,5
DA:173,0
DA:175,0
DA:184,0
DA:187,0
DA:188,0
DA:189,0
DA:190,0
DA:191,0
DA:192,0
DA:193,0
DA:196,0
DA:197,0
DA:198,0
DA:199,0
DA:201,0
DA:206,0
DA:209,0
DA:210,0
DA:211,0
DA:212,0
DA:216,0
DA:220,0
DA:221,0
DA:222,0
DA:225,0
DA:226,0
DA:227,0
DA:228,0
DA:229,0
DA:230,0
DA:231,0
DA:234,0
LF:111
LH:74
BRDA:18,0,0,3
BRDA:18,0,1,5
BRDA:24,1,0,0
BRDA:24,1,1,7
BRDA:27,2,0,0
BRDA:27,2,1,9
BRDA:40,3,0,15
BRDA:40,3,1,69
BRDA:64,4,0,0
BRDA:64,4,1,0
BRDA:65,5,0,0
BRDA:65,5,1,0
BRDA:66,6,0,0
BRDA:66,6,1,0
BRDA:87,7,0,25
BRDA:87,7,1,20
BRDA:97,8,0,0
BRDA:97,8,1,5
BRDA:102,9,0,0
BRDA:102,9,1,7
BRDA:112,10,0,1
BRDA:112,10,1,7
BRDA:116,11,0,3
BRDA:116,11,1,5
BRDA:117,12,0,2
BRDA:117,12,1,1
BRDA:140,13,0,9
BRDA:140,13,1,7
BRDA:155,14,0,5
BRDA:155,14,1,0
BRDA:196,15,0,0
BRDA:196,15,1,0
BRDA:202,16,0,0
BRDA:202,16,1,0
BRDA:209,17,0,0
BRDA:209,17,1,0
BRDA:213,18,0,0
BRDA:213,18,1,0
BRDA:220,19,0,0
BRDA:220,19,1,0
BRDA:226,20,0,0
BRDA:226,20,1,0
BRDA:230,21,0,0
BRDA:230,21,1,0
BRF:44
BRH:19
end_of_record
TN:
SF:src\commands\team.ts
FN:21,getTeamConfigPath
FN:25,readTeamConfig
FN:36,writeTeamConfig
FN:44,output
FN:50,teamCommand
FN:99,teamInit
FN:124,teamSync
FN:184,(anonymous_7)
FN:204,teamAdd
FN:226,(anonymous_9)
FN:256,teamRemove
FN:267,(anonymous_11)
FN:288,teamList
FNF:13
FNH:11
FNDA:9,getTeamConfigPath
FNDA:5,readTeamConfig
FNDA:3,writeTeamConfig
FNDA:0,output
FNDA:6,teamCommand
FNDA:1,teamInit
FNDA:1,teamSync
FNDA:1,(anonymous_7)
FNDA:1,teamAdd
FNDA:0,(anonymous_9)
FNDA:1,teamRemove
FNDA:1,(anonymous_11)
FNDA:2,teamList
DA:18,6
DA:19,6
DA:22,9
DA:26,5
DA:27,5
DA:28,4
DA:29,4
DA:30,4
DA:32,0
DA:37,3
DA:38,3
DA:39,1
DA:41,3
DA:45,0
DA:46,0
DA:55,6
DA:56,1
DA:59,5
DA:60,1
DA:63,4
DA:64,1
DA:65,0
DA:66,0
DA:68,0
DA:70,0
DA:72,1
DA:75,3
DA:76,1
DA:77,0
DA:78,0
DA:80,0
DA:82,0
DA:84,1
DA:87,2
DA:88,2
DA:91,0
DA:92,0
DA:94,0
DA:96,0
DA:100,1
DA:101,1
DA:102,0
DA:103,0
DA:105,0
DA:107,0
DA:110,1
DA:114,1
DA:116,1
DA:117,0
DA:119,1
DA:120,1
DA:125,1
DA:126,1
DA:127,0
DA:128,0
DA:130,0
DA:132,0
DA:135,1
DA:136,0
DA:137,0
DA:139,0
DA:141,0
DA:144,1
DA:145,1
DA:146,1
DA:147,1
DA:149,1
DA:150,2
DA:151,1
DA:152,1
DA:155,1
DA:156,1
DA:158,0
DA:159,0
DA:160,0
DA:165,1
DA:166,1
DA:167,1
DA:168,1
DA:169,1
DA:171,1
DA:172,2
DA:173,2
DA:174,1
DA:176,1
DA:177,1
DA:178,2
DA:184,1
DA:186,2
DA:187,2
DA:189,0
DA:190,0
DA:191,0
DA:195,1
DA:196,0
DA:198,1
DA:201,1
DA:205,1
DA:206,1
DA:208,0
DA:209,0
DA:211,0
DA:213,0
DA:216,1
DA:217,1
DA:218,0
DA:219,0
DA:221,0
DA:223,0
DA:226,1
DA:227,1
DA:228,0
DA:229,0
DA:231,0
DA:233,0
DA:236,1
DA:239,1
DA:240,1
DA:241,1
DA:242,1
DA:245,1
DA:246,1
DA:247,1
DA:249,1
DA:250,0
DA:252,1
DA:257,1
DA:258,1
DA:259,0
DA:260,0
DA:262,0
DA:264,0
DA:267,1
DA:268,1
DA:269,0
DA:270,0
DA:272,0
DA:274,0
DA:277,1
DA:278,1
DA:279,1
DA:281,1
DA:282,0
DA:284,1
DA:289,2
DA:290,2
DA:291,1
DA:292,0
DA:294,1
DA:296,1
DA:299,1
DA:300,1
DA:301,1
DA:304,0
DA:305,0
DA:306,0
DA:309,0
DA:310,0
DA:311,0
DA:312,0
DA:313,0
DA:314,0
DA:315,0
DA:316,0
LF:164
LH:95
BRDA:27,0,0,1
BRDA:27,0,1,4
BRDA:38,1,0,1
BRDA:38,1,1,2
BRDA:45,2,0,0
BRDA:45,2,1,0
BRDA:55,3,0,1
BRDA:55,3,1,5
BRDA:59,4,0,1
BRDA:59,4,1,4
BRDA:63,5,0,1
BRDA:63,5,1,3
BRDA:64,6,0,0
BRDA:64,6,1,1
BRDA:65,7,0,0
BRDA:65,7,1,0
BRDA:75,8,0,1
BRDA:75,8,1,2
BRDA:76,9,0,0
BRDA:76,9,1,1
BRDA:77,10,0,0
BRDA:77,10,1,0
BRDA:87,11,0,2
BRDA:87,11,1,0
BRDA:91,12,0,0
BRDA:91,12,1,0
BRDA:101,13,0,0
BRDA:101,13,1,1
BRDA:102,14,0,0
BRDA:102,14,1,0
BRDA:116,15,0,0
BRDA:116,15,1,1
BRDA:126,16,0,0
BRDA:126,16,1,1
BRDA:127,17,0,0
BRDA:127,17,1,0
BRDA:135,18,0,0
BRDA:135,18,1,1
BRDA:136,19,0,0
BRDA:136,19,1,0
BRDA:150,20,0,1
BRDA:150,20,1,1
BRDA:171,21,0,1
BRDA:171,21,1,0
BRDA:177,22,0,1
BRDA:177,22,1,0
BRDA:177,22,2,0
BRDA:189,23,0,0
BRDA:189,23,1,0
BRDA:195,24,0,0
BRDA:195,24,1,1
BRDA:201,25,0,0
BRDA:201,25,1,1
BRDA:208,26,0,0
BRDA:208,26,1,0
BRDA:209,27,0,0
BRDA:209,27,1,0
BRDA:211,28,0,0
BRDA:211,28,1,0
BRDA:217,29,0,0
BRDA:217,29,1,1
BRDA:218,30,0,0
BRDA:218,30,1,0
BRDA:227,31,0,0
BRDA:227,31,1,1
BRDA:228,32,0,0
BRDA:228,32,1,0
BRDA:240,33,0,1
BRDA:240,33,1,0
BRDA:241,34,0,1
BRDA:241,34,1,0
BRDA:242,35,0,1
BRDA:242,35,1,0
BRDA:249,36,0,0
BRDA:249,36,1,1
BRDA:258,37,0,0
BRDA:258,37,1,1
BRDA:259,38,0,0
BRDA:259,38,1,0
BRDA:268,39,0,0
BRDA:268,39,1,1
BRDA:269,40,0,0
BRDA:269,40,1,0
BRDA:281,41,0,0
BRDA:281,41,1,1
BRDA:290,42,0,1
BRDA:290,42,1,1
BRDA:291,43,0,0
BRDA:291,43,1,1
BRDA:299,44,0,1
BRDA:299,44,1,0
BRDA:304,45,0,0
BRDA:304,45,1,0
BRDA:312,46,0,0
BRDA:312,46,1,0
BRDA:313,47,0,0
BRDA:313,47,1,0
BRDA:315,48,0,0
BRDA:315,48,1,0
BRF:99
BRH:38
end_of_record
TN:
SF:src\commands\uninstall.ts
FN:9,uninstallCommand
FN:42,uninstallOneInteractive
FN:79,uninstallMultipleInteractive
FN:93,(anonymous_3)
FN:129,removeSymlinksFor
FN:146,uninstallJson
FN:208,(anonymous_6)
FNF:7
FNH:4
FNDA:4,uninstallCommand
FNDA:0,uninstallOneInteractive
FNDA:0,uninstallMultipleInteractive
FNDA:0,(anonymous_3)
FNDA:3,removeSymlinksFor
FNDA:4,uninstallJson
FNDA:4,(anonymous_6)
DA:13,4
DA:14,4
DA:17,0
DA:18,0
DA:20,0
DA:21,0
DA:22,0
DA:23,0
DA:26,0
DA:27,0
DA:28,0
DA:30,0
DA:31,0
DA:35,0
DA:36,0
DA:38,0
DA:43,0
DA:45,0
DA:47,0
DA:48,0
DA:49,0
DA:52,0
DA:53,0
DA:57,0
DA:58,0
DA:59,0
DA:63,0
DA:64,0
DA:66,0
DA:68,0
DA:70,0
DA:72,0
DA:73,0
DA:76,0
DA:80,0
DA:82,0
DA:83,0
DA:84,0
DA:85,0
DA:89,0
DA:90,0
DA:93,0
DA:94,0
DA:95,0
DA:96,0
DA:99,0
DA:100,0
DA:104,0
DA:105,0
DA:106,0
DA:110,0
DA:111,0
DA:113,0
DA:114,0
DA:115,0
DA:116,0
DA:117,0
DA:120,0
DA:122,0
DA:123,0
DA:126,0
DA:130,3
DA:131,3
DA:132,3
DA:133,2
DA:134,2
DA:135,2
DA:136,1
DA:137,1
DA:143,3
DA:147,4
DA:148,1
DA:149,1
DA:152,3
DA:154,3
DA:155,4
DA:156,4
DA:158,0
DA:164,0
DA:167,4
DA:169,4
DA:170,2
DA:171,2
DA:175,2
DA:177,2
DA:178,2
DA:180,0
DA:187,0
DA:190,2
DA:191,2
DA:194,3
DA:195,2
DA:196,2
DA:201,2
DA:202,2
DA:203,2
DA:205,1
DA:208,4
LF:98
LH:35
BRDA:11,0,0,4
BRDA:13,1,0,4
BRDA:13,1,1,0
BRDA:20,2,0,0
BRDA:20,2,1,0
BRDA:30,3,0,0
BRDA:30,3,1,0
BRDA:35,4,0,0
BRDA:35,4,1,0
BRDA:47,5,0,0
BRDA:47,5,1,0
BRDA:52,6,0,0
BRDA:52,6,1,0
BRDA:57,7,0,0
BRDA:57,7,1,0
BRDA:57,8,0,0
BRDA:57,8,1,0
BRDA:72,9,0,0
BRDA:72,9,1,0
BRDA:73,10,0,0
BRDA:73,10,1,0
BRDA:84,11,0,0
BRDA:84,11,1,0
BRDA:89,12,0,0
BRDA:89,12,1,0
BRDA:94,13,0,0
BRDA:94,13,1,0
BRDA:99,14,0,0
BRDA:99,14,1,0
BRDA:104,15,0,0
BRDA:104,15,1,0
BRDA:104,16,0,0
BRDA:104,16,1,0
BRDA:122,17,0,0
BRDA:122,17,1,0
BRDA:123,18,0,0
BRDA:123,18,1,0
BRDA:135,19,0,1
BRDA:135,19,1,1
BRDA:135,20,0,2
BRDA:135,20,1,1
BRDA:147,21,0,1
BRDA:147,21,1,3
BRDA:161,22,0,0
BRDA:161,22,1,0
BRDA:169,23,0,2
BRDA:169,23,1,2
BRDA:184,24,0,0
BRDA:184,24,1,0
BRDA:194,25,0,2
BRDA:194,25,1,1
BRDA:201,26,0,1
BRDA:201,26,1,1
BRDA:202,27,0,1
BRDA:202,27,1,1
BRDA:208,28,0,2
BRDA:208,28,1,1
BRF:57
BRH:18
end_of_record
TN:
SF:src\commands\update.ts
FN:13,isNewer
FN:20,applyUpdate
FN:38,updateCommand
FN:78,updateOne
FN:192,updateBatch
FN:223,(anonymous_5)
FNF:6
FNH:6
FNDA:5,isNewer
FNDA:1,applyUpdate
FNDA:6,updateCommand
FNDA:3,updateOne
FNDA:2,updateBatch
FNDA:2,(anonymous_5)
DA:14,5
DA:15,5
DA:16,5
DA:25,1
DA:26,1
DA:27,1
DA:34,1
DA:35,1
DA:42,6
DA:44,6
DA:45,1
DA:46,1
DA:48,0
DA:49,0
DA:50,0
DA:51,0
DA:53,1
DA:56,6
DA:57,6
DA:58,1
DA:59,1
DA:61,0
DA:62,0
DA:64,1
DA:67,5
DA:69,6
DA:70,1
DA:71,4
DA:72,3
DA:74,1
DA:85,3
DA:86,3
DA:88,0
DA:89,0
DA:98,0
DA:99,0
DA:101,0
DA:104,3
DA:105,3
DA:106,0
DA:107,0
DA:109,0
DA:110,0
DA:112,0
DA:115,3
DA:116,3
DA:118,3
DA:119,3
DA:120,3
DA:122,3
DA:123,0
DA:124,0
DA:128,0
DA:129,0
DA:131,0
DA:134,3
DA:135,3
DA:136,1
DA:137,1
DA:139,0
DA:140,0
DA:142,1
DA:145,2
DA:146,1
DA:147,1
DA:154,0
DA:155,0
DA:157,1
DA:160,1
DA:161,1
DA:163,1
DA:164,1
DA:166,0
DA:167,0
DA:170,0
DA:171,0
DA:180,0
DA:181,0
DA:182,0
DA:184,0
DA:200,2
DA:201,1
DA:202,0
DA:203,0
DA:205,0
DA:206,0
DA:215,0
DA:216,0
DA:218,0
DA:223,2
DA:225,2
DA:226,1
DA:227,1
DA:229,0
DA:230,0
DA:232,1
DA:235,1
DA:236,2
DA:238,2
DA:239,2
DA:240,2
DA:241,2
DA:242,2
DA:246,2
DA:247,2
DA:248,2
DA:251,2
DA:252,2
DA:253,1
DA:254,1
DA:255,1
DA:256,1
DA:257,1
DA:258,2
DA:260,1
DA:262,0
DA:267,1
DA:268,1
DA:269,2
DA:272,2
DA:273,0
DA:274,0
DA:275,0
DA:276,0
DA:277,0
DA:281,2
DA:282,2
DA:284,2
DA:285,2
DA:286,2
DA:287,2
DA:288,2
DA:289,2
DA:291,2
DA:292,2
DA:293,1
DA:294,1
DA:296,1
DA:297,1
DA:298,1
DA:300,0
DA:301,0
DA:302,0
DA:303,0
DA:305,2
DA:308,0
DA:309,0
DA:310,0
DA:311,0
DA:313,0
DA:314,0
DA:315,0
DA:316,0
DA:318,0
DA:319,0
DA:320,0
DA:322,0
DA:323,0
DA:324,0
DA:327,0
DA:328,0
DA:333,1
DA:334,1
DA:335,1
DA:345,0
DA:346,0
DA:347,0
DA:349,0
DA:350,0
DA:351,0
DA:353,0
DA:354,0
DA:357,0
DA:359,1
DA:362,0
DA:363,0
DA:372,0
DA:373,0
DA:374,0
DA:375,0
DA:376,0
DA:377,0
DA:379,0
LF:183
LH:97
BRDA:14,0,0,5
BRDA:14,0,1,0
BRDA:15,1,0,5
BRDA:15,1,1,0
BRDA:42,2,0,0
BRDA:42,2,1,6
BRDA:44,3,0,1
BRDA:44,3,1,5
BRDA:44,4,0,6
BRDA:44,4,1,3
BRDA:45,5,0,1
BRDA:45,5,1,0
BRDA:57,6,0,1
BRDA:57,6,1,5
BRDA:58,7,0,1
BRDA:58,7,1,0
BRDA:67,8,0,5
BRDA:67,8,1,5
BRDA:69,9,0,1
BRDA:69,9,1,4
BRDA:71,10,0,3
BRDA:71,10,1,1
BRDA:88,11,0,0
BRDA:88,11,1,0
BRDA:94,12,0,0
BRDA:94,12,1,0
BRDA:98,13,0,0
BRDA:98,13,1,0
BRDA:105,14,0,0
BRDA:105,14,1,3
BRDA:106,15,0,0
BRDA:106,15,1,0
BRDA:115,16,0,3
BRDA:115,16,1,0
BRDA:122,17,0,0
BRDA:122,17,1,3
BRDA:123,18,0,0
BRDA:123,18,1,0
BRDA:135,19,0,1
BRDA:135,19,1,2
BRDA:136,20,0,1
BRDA:136,20,1,0
BRDA:145,21,0,1
BRDA:145,21,1,1
BRDA:146,22,0,1
BRDA:146,22,1,0
BRDA:150,23,0,1
BRDA:150,23,1,0
BRDA:154,24,0,0
BRDA:154,24,1,0
BRDA:163,25,0,1
BRDA:163,25,1,0
BRDA:170,26,0,0
BRDA:170,26,1,0
BRDA:176,27,0,0
BRDA:176,27,1,0
BRDA:181,28,0,0
BRDA:181,28,1,0
BRDA:200,29,0,1
BRDA:200,29,1,1
BRDA:205,30,0,0
BRDA:205,30,1,0
BRDA:211,31,0,0
BRDA:211,31,1,0
BRDA:215,32,0,0
BRDA:215,32,1,0
BRDA:223,33,0,2
BRDA:223,33,1,1
BRDA:225,34,0,1
BRDA:225,34,1,1
BRDA:226,35,0,1
BRDA:226,35,1,0
BRDA:235,36,0,1
BRDA:235,36,1,0
BRDA:247,37,0,1
BRDA:247,37,1,0
BRDA:247,38,0,0
BRDA:247,38,1,1
BRDA:248,39,0,1
BRDA:248,39,1,0
BRDA:252,40,0,1
BRDA:252,40,1,1
BRDA:262,41,0,0
BRDA:262,41,1,0
BRDA:262,42,0,0
BRDA:262,42,1,0
BRDA:272,43,0,0
BRDA:272,43,1,2
BRDA:274,44,0,0
BRDA:274,44,1,0
BRDA:276,45,0,0
BRDA:276,45,1,0
BRDA:282,46,0,2
BRDA:282,46,1,0
BRDA:287,47,0,2
BRDA:287,47,1,0
BRDA:288,48,0,0
BRDA:288,48,1,2
BRDA:292,49,0,1
BRDA:292,49,1,1
BRDA:296,50,0,1
BRDA:296,50,1,0
BRDA:297,51,0,1
BRDA:297,51,1,0
BRDA:305,52,0,0
BRDA:305,52,1,2
BRDA:309,53,0,0
BRDA:309,53,1,0
BRDA:314,54,0,0
BRDA:314,54,1,0
BRDA:318,55,0,0
BRDA:318,55,1,0
BRDA:319,56,0,0
BRDA:319,56,1,0
BRDA:328,57,0,0
BRDA:328,57,1,0
BRDA:328,58,0,0
BRDA:328,58,1,0
BRDA:333,59,0,1
BRDA:333,59,1,0
BRDA:334,60,0,1
BRDA:334,60,1,0
BRDA:340,61,0,1
BRDA:340,61,1,0
BRDA:346,62,0,0
BRDA:346,62,1,0
BRDA:349,63,0,0
BRDA:349,63,1,0
BRDA:362,64,0,0
BRDA:362,64,1,0
BRDA:367,65,0,0
BRDA:367,65,1,0
BRDA:374,66,0,0
BRDA:374,66,1,0
BRDA:375,67,0,0
BRDA:375,67,1,0
BRDA:379,68,0,0
BRDA:379,68,1,0
BRF:138
BRH:53
end_of_record
TN:
SF:src\commands\validate.ts
FN:10,validateCommand
FN:29,(anonymous_1)
FN:100,(anonymous_2)
FN:113,(anonymous_3)
FNF:4
FNH:4
FNDA:6,validateCommand
FNDA:1,(anonymous_1)
FNDA:4,(anonymous_2)
FNDA:4,(anonymous_3)
DA:14,6
DA:16,6
DA:17,6
DA:18,1
DA:19,1
DA:21,0
DA:22,0
DA:24,1
DA:28,5
DA:29,1
DA:30,4
DA:31,3
DA:33,1
DA:34,1
DA:36,0
DA:37,0
DA:38,0
DA:39,0
DA:41,1
DA:44,4
DA:46,4
DA:47,4
DA:48,4
DA:49,1
DA:50,1
DA:53,3
DA:55,3
DA:56,1
DA:57,1
DA:58,1
DA:59,1
DA:60,1
DA:61,1
DA:62,1
DA:63,1
DA:64,1
DA:67,0
DA:68,0
DA:74,3
DA:75,3
DA:76,3
DA:77,3
DA:78,3
DA:79,3
DA:80,1
DA:81,1
DA:82,1
DA:83,1
DA:85,0
DA:93,3
DA:96,4
DA:97,4
DA:100,4
DA:113,4
DA:114,2
DA:117,0
DA:118,0
DA:119,0
DA:120,0
DA:122,0
DA:123,0
DA:125,0
DA:126,0
DA:128,0
DA:129,0
DA:131,0
DA:132,0
DA:134,0
DA:135,0
DA:138,0
DA:139,0
DA:140,0
DA:142,0
DA:144,0
DA:147,0
DA:148,0
DA:149,0
DA:150,0
DA:151,0
DA:152,0
DA:153,0
DA:154,0
DA:156,0
LF:83
LH:46
BRDA:14,0,0,0
BRDA:14,0,1,6
BRDA:17,1,0,1
BRDA:17,1,1,5
BRDA:18,2,0,1
BRDA:18,2,1,0
BRDA:28,3,0,1
BRDA:28,3,1,4
BRDA:30,4,0,3
BRDA:30,4,1,1
BRDA:33,5,0,1
BRDA:33,5,1,0
BRDA:48,6,0,1
BRDA:48,6,1,3
BRDA:55,7,0,1
BRDA:55,7,1,2
BRDA:55,8,0,3
BRDA:55,8,1,1
BRDA:55,8,2,0
BRDA:57,9,0,1
BRDA:57,9,1,0
BRDA:61,10,0,1
BRDA:61,10,1,0
BRDA:67,11,0,0
BRDA:67,11,1,0
BRDA:68,12,0,0
BRDA:68,12,1,0
BRDA:75,13,0,3
BRDA:75,13,1,0
BRDA:81,14,0,1
BRDA:81,14,1,0
BRDA:96,15,0,4
BRDA:96,15,1,0
BRDA:106,16,0,4
BRDA:106,16,1,3
BRDA:113,17,0,2
BRDA:113,17,1,2
BRDA:123,18,0,0
BRDA:123,18,1,0
BRDA:123,19,0,0
BRDA:123,19,1,0
BRDA:125,20,0,0
BRDA:125,20,1,0
BRDA:138,21,0,0
BRDA:138,21,1,0
BRDA:139,22,0,0
BRDA:139,22,1,0
BRDA:144,23,0,0
BRDA:144,23,1,0
BRDA:149,24,0,0
BRDA:149,24,1,0
BRDA:150,25,0,0
BRDA:150,25,1,0
BRDA:151,26,0,0
BRDA:151,26,1,0
BRDA:152,27,0,0
BRDA:152,27,1,0
BRDA:156,28,0,0
BRDA:156,28,1,0
BRF:59
BRH:24
end_of_record
TN:
SF:src\commands\verify.ts
FN:15,verifyCommand
FN:37,(anonymous_1)
FN:86,(anonymous_2)
FN:87,(anonymous_3)
FN:88,(anonymous_4)
FN:98,verifyJson
FN:105,(anonymous_6)
FN:125,(anonymous_7)
FN:126,(anonymous_8)
FN:127,(anonymous_9)
FN:131,(anonymous_10)
FNF:11
FNH:11
FNDA:6,verifyCommand
FNDA:2,(anonymous_1)
FNDA:3,(anonymous_2)
FNDA:3,(anonymous_3)
FNDA:3,(anonymous_4)
FNDA:1,verifyJson
FNDA:3,(anonymous_6)
FNDA:3,(anonymous_7)
FNDA:3,(anonymous_8)
FNDA:3,(anonymous_9)
FNDA:3,(anonymous_10)
DA:16,6
DA:17,1
DA:20,5
DA:21,5
DA:23,5
DA:25,5
DA:26,1
DA:27,1
DA:28,1
DA:29,1
DA:30,1
DA:35,4
DA:36,2
DA:37,2
DA:39,0
DA:42,2
DA:43,1
DA:44,1
DA:45,1
DA:46,1
DA:49,2
DA:50,2
DA:51,2
DA:53,0
DA:54,0
DA:58,2
DA:59,2
DA:60,1
DA:61,1
DA:65,1
DA:68,2
DA:70,2
DA:72,2
DA:73,3
DA:74,3
DA:76,3
DA:77,3
DA:78,0
DA:79,0
DA:81,0
DA:85,2
DA:86,3
DA:87,3
DA:88,3
DA:90,2
DA:91,2
DA:93,2
DA:94,0
DA:99,1
DA:103,1
DA:104,1
DA:105,3
DA:107,0
DA:109,0
DA:110,0
DA:111,0
DA:112,0
DA:114,0
DA:117,1
DA:119,1
DA:120,3
DA:121,3
DA:124,1
DA:125,3
DA:126,3
DA:127,3
DA:129,1
DA:131,3
DA:136,1
DA:137,1
LF:70
LH:57
BRDA:16,0,0,1
BRDA:16,0,1,5
BRDA:25,1,0,1
BRDA:25,1,1,4
BRDA:25,2,0,5
BRDA:25,2,1,3
BRDA:35,3,0,2
BRDA:35,3,1,2
BRDA:42,4,0,1
BRDA:42,4,1,1
BRDA:53,5,0,0
BRDA:53,5,1,0
BRDA:59,6,0,1
BRDA:59,6,1,1
BRDA:76,7,0,3
BRDA:76,7,1,0
BRDA:78,8,0,0
BRDA:78,8,1,0
BRDA:93,9,0,0
BRDA:93,9,1,2
BRDA:103,10,0,1
BRDA:103,10,1,0
BRDA:109,11,0,0
BRDA:109,11,1,0
BRDA:136,12,0,1
BRDA:136,12,1,0
BRF:26
BRH:16
end_of_record
TN:
SF:src\providers\arcana.ts
FN:4,(anonymous_0)
FNF:1
FNH:0
FNDA:0,(anonymous_0)
DA:5,0
LF:1
LH:0
BRF:0
BRH:0
end_of_record
TN:
SF:src\providers\base.ts
FN:11,(anonymous_0)
FN:15,(anonymous_1)
FN:17,(anonymous_2)
FNF:3
FNH:0
FNDA:0,(anonymous_0)
FNDA:0,(anonymous_1)
FNDA:0,(anonymous_2)
DA:16,0
DA:17,0
LF:2
LH:0
BRDA:17,0,0,0
BRDA:17,0,1,0
BRF:2
BRH:0
end_of_record
TN:
SF:src\providers\github.ts
FN:9,levenshtein
FN:12,(anonymous_1)
FN:41,(anonymous_2)
FN:54,(anonymous_3)
FN:62,(anonymous_4)
FN:66,(anonymous_5)
FN:85,(anonymous_6)
FN:91,(anonymous_7)
FN:118,(anonymous_8)
FN:128,(anonymous_9)
FN:134,(anonymous_10)
FN:142,(anonymous_11)
FN:161,(anonymous_12)
FN:164,(anonymous_13)
FN:168,(anonymous_14)
FN:171,(anonymous_15)
FN:178,(anonymous_16)
FN:181,(anonymous_17)
FNF:18
FNH:12
FNDA:2,levenshtein
FNDA:20,(anonymous_1)
FNDA:9,(anonymous_2)
FNDA:6,(anonymous_3)
FNDA:14,(anonymous_4)
FNDA:8,(anonymous_5)
FNDA:9,(anonymous_6)
FNDA:9,(anonymous_7)
FNDA:0,(anonymous_8)
FNDA:0,(anonymous_9)
FNDA:0,(anonymous_10)
FNDA:0,(anonymous_11)
FNDA:0,(anonymous_12)
FNDA:2,(anonymous_13)
FNDA:4,(anonymous_14)
FNDA:0,(anonymous_15)
FNDA:2,(anonymous_16)
FNDA:1,(anonymous_17)
DA:10,2
DA:11,2
DA:12,20
DA:13,20
DA:14,22
DA:15,2
DA:16,18
DA:17,180
DA:18,180
DA:21,2
DA:38,9
DA:39,9
DA:42,9
DA:43,9
DA:44,9
DA:45,9
DA:46,9
DA:47,8
DA:48,8
DA:49,8
DA:50,8
DA:51,9
DA:55,6
DA:56,6
DA:58,0
DA:63,14
DA:67,8
DA:70,7
DA:71,7
DA:72,1
DA:73,1
DA:76,6
DA:77,6
DA:78,6
DA:80,6
DA:81,0
DA:84,6
DA:86,9
DA:87,0
DA:89,9
DA:91,9
DA:105,6
DA:106,6
DA:107,0
DA:113,6
DA:115,6
DA:119,0
DA:121,0
DA:122,0
DA:123,0
DA:124,0
DA:125,0
DA:129,0
DA:131,0
DA:133,0
DA:134,0
DA:136,0
DA:137,0
DA:140,0
DA:143,0
DA:144,0
DA:145,0
DA:147,0
DA:148,0
DA:149,0
DA:150,0
DA:152,0
DA:161,0
DA:165,2
DA:166,2
DA:167,2
DA:169,4
DA:171,0
DA:173,2
DA:177,1
DA:178,2
DA:182,1
DA:183,1
DA:184,1
LF:79
LH:52
BRDA:17,0,0,21
BRDA:17,0,1,159
BRDA:45,1,0,9
BRDA:45,1,1,8
BRDA:46,2,0,0
BRDA:46,2,1,9
BRDA:50,3,0,8
BRDA:50,3,1,7
BRDA:51,4,0,9
BRDA:51,4,1,7
BRDA:67,5,0,1
BRDA:67,5,1,7
BRDA:71,6,0,1
BRDA:71,6,1,6
BRDA:80,7,0,0
BRDA:80,7,1,6
BRDA:80,8,0,6
BRDA:80,8,1,6
BRDA:86,9,0,0
BRDA:86,9,1,9
BRDA:86,10,0,9
BRDA:86,10,1,9
BRDA:86,10,2,9
BRDA:106,11,0,0
BRDA:106,11,1,6
BRDA:108,12,0,0
BRDA:108,12,1,0
BRDA:119,13,0,0
BRDA:119,13,1,0
BRDA:134,14,0,0
BRDA:134,14,1,0
BRDA:136,15,0,0
BRDA:136,15,1,0
BRDA:144,16,0,0
BRDA:144,16,1,0
BRDA:144,17,0,0
BRDA:144,17,1,0
BRDA:153,18,0,0
BRDA:153,18,1,0
BRDA:169,19,0,4
BRDA:169,19,1,3
BRDA:169,19,2,3
BRDA:173,20,0,1
BRDA:173,20,1,1
BRDA:177,21,0,0
BRDA:177,21,1,1
BRF:46
BRH:27
end_of_record
TN:
SF:src\utils\atomic.ts
FN:5,atomicWriteSync
FNF:1
FNH:1
FNDA:3,atomicWriteSync
DA:6,3
DA:7,3
DA:9,3
DA:10,3
DA:11,3
DA:12,3
DA:14,0
DA:15,0
DA:19,0
LF:9
LH:6
BRDA:5,0,0,3
BRF:1
BRH:1
end_of_record
TN:
SF:src\utils\cache.ts
FN:9,ensureCacheDir
FN:15,cacheFile
FN:19,readCache
FN:31,writeCache
FN:40,clearCacheFile
FNF:5
FNH:5
FNDA:5,ensureCacheDir
FNDA:14,cacheFile
FNDA:7,readCache
FNDA:5,writeCache
FNDA:3,clearCacheFile
DA:6,15
DA:7,15
DA:10,5
DA:11,2
DA:16,14
DA:20,7
DA:21,7
DA:22,6
DA:23,6
DA:24,6
DA:25,4
DA:27,2
DA:32,5
DA:33,5
DA:34,5
DA:41,3
DA:42,3
DA:43,2
DA:44,2
LF:19
LH:19
BRDA:10,0,0,2
BRDA:10,0,1,3
BRDA:19,1,0,7
BRDA:21,2,0,1
BRDA:21,2,1,6
BRDA:24,3,0,1
BRDA:24,3,1,5
BRDA:42,4,0,2
BRDA:42,4,1,1
BRF:9
BRH:9
end_of_record
TN:
SF:src\utils\config.ts
FN:23,cloneConfig
FN:24,(anonymous_1)
FN:27,loadConfig
FN:37,(anonymous_3)
FN:46,applyEnvOverrides
FN:67,saveConfig
FN:75,addProvider
FN:77,(anonymous_7)
FN:86,removeProvider
FN:88,(anonymous_9)
FNF:10
FNH:4
FNDA:14,cloneConfig
FNDA:14,(anonymous_1)
FNDA:14,loadConfig
FNDA:0,(anonymous_3)
FNDA:14,applyEnvOverrides
FNDA:0,saveConfig
FNDA:0,addProvider
FNDA:0,(anonymous_7)
FNDA:0,removeProvider
FNDA:0,(anonymous_9)
DA:8,6
DA:10,6
DA:24,14
DA:28,14
DA:29,14
DA:31,0
DA:32,0
DA:33,0
DA:34,0
DA:37,0
DA:39,14
DA:41,0
DA:42,0
DA:47,14
DA:48,14
DA:49,14
DA:50,0
DA:51,0
DA:53,0
DA:56,14
DA:57,14
DA:58,0
DA:59,0
DA:61,0
DA:64,14
DA:68,0
DA:69,0
DA:70,0
DA:72,0
DA:76,0
DA:77,0
DA:78,0
DA:79,0
DA:81,0
DA:83,0
DA:87,0
DA:88,0
DA:89,0
DA:90,0
DA:91,0
DA:92,0
LF:41
LH:12
BRDA:28,0,0,14
BRDA:28,0,1,0
BRDA:37,1,0,0
BRDA:37,1,1,0
BRDA:49,2,0,0
BRDA:49,2,1,14
BRDA:50,3,0,0
BRDA:50,3,1,0
BRDA:57,4,0,0
BRDA:57,4,1,14
BRDA:58,5,0,0
BRDA:58,5,1,0
BRDA:69,6,0,0
BRDA:69,6,1,0
BRDA:78,7,0,0
BRDA:78,7,1,0
BRDA:89,8,0,0
BRDA:89,8,1,0
BRF:18
BRH:3
end_of_record
TN:
SF:src\utils\conflict-check.ts
FN:21,checkConflicts
FN:32,(anonymous_1)
FN:43,(anonymous_2)
FN:72,(anonymous_3)
FN:73,(anonymous_4)
FNF:5
FNH:5
FNDA:8,checkConflicts
FNDA:1,(anonymous_1)
FNDA:3,(anonymous_2)
FNDA:14,(anonymous_3)
FNDA:14,(anonymous_4)
DA:11,1
DA:27,8
DA:30,8
DA:31,1
DA:32,1
DA:33,1
DA:34,1
DA:43,8
DA:44,8
DA:45,2
DA:53,8
DA:54,7
DA:55,2
DA:56,1
DA:61,1
DA:67,8
DA:68,2
DA:69,2
DA:70,14
DA:71,14
DA:72,14
DA:73,14
DA:75,14
DA:76,2
DA:81,12
DA:82,0
DA:91,8
LF:27
LH:26
BRDA:30,0,0,1
BRDA:30,0,1,7
BRDA:30,1,0,8
BRDA:30,1,1,7
BRDA:44,2,0,2
BRDA:44,2,1,6
BRDA:53,3,0,7
BRDA:53,3,1,1
BRDA:55,4,0,1
BRDA:55,4,1,1
BRDA:55,5,0,2
BRDA:55,5,1,2
BRDA:67,6,0,2
BRDA:67,6,1,6
BRDA:67,7,0,8
BRDA:67,7,1,7
BRDA:75,8,0,2
BRDA:75,8,1,12
BRDA:75,9,0,14
BRDA:75,9,1,2
BRDA:81,10,0,0
BRDA:81,10,1,12
BRDA:81,11,0,12
BRDA:81,11,1,0
BRF:24
BRH:22
end_of_record
TN:
SF:src\utils\errors.ts
FN:2,(anonymous_0)
FNF:1
FNH:1
FNDA:7,(anonymous_0)
DA:4,7
DA:5,7
DA:7,7
DA:8,7
LF:4
LH:4
BRDA:4,0,0,7
BRDA:5,1,0,7
BRF:2
BRH:2
end_of_record
TN:
SF:src\utils\frontmatter.ts
FN:10,extractFrontmatter
FN:29,parseFrontmatter
FN:97,fixSkillFrontmatter
FN:110,validateSkillDir
FNF:4
FNH:4
FNDA:37,extractFrontmatter
FNDA:39,parseFrontmatter
FNDA:4,fixSkillFrontmatter
FNDA:5,validateSkillDir
DA:5,8
DA:6,8
DA:7,8
DA:8,8
DA:11,37
DA:12,37
DA:14,33
DA:15,33
DA:16,96
DA:17,32
DA:18,32
DA:22,33
DA:24,32
DA:25,32
DA:26,32
DA:30,39
DA:31,39
DA:33,39
DA:34,39
DA:35,82
DA:36,82
DA:37,82
DA:38,82
DA:39,82
DA:40,37
DA:41,37
DA:42,37
DA:44,45
DA:45,45
DA:46,39
DA:48,39
DA:57,3
DA:58,3
DA:59,5
DA:60,5
DA:62,5
DA:63,0
DA:64,0
DA:65,0
DA:66,0
DA:67,0
DA:68,0
DA:70,0
DA:71,0
DA:72,0
DA:74,0
DA:77,5
DA:78,5
DA:80,0
DA:83,3
DA:84,3
DA:87,36
DA:88,36
DA:93,39
DA:94,35
DA:98,4
DA:99,4
DA:101,3
DA:102,3
DA:105,2
DA:107,2
DA:111,5
DA:119,5
DA:120,5
DA:121,1
DA:122,1
DA:123,1
DA:127,4
DA:128,4
DA:130,0
DA:131,0
DA:132,0
DA:135,4
DA:136,4
DA:137,1
DA:138,1
DA:139,1
DA:142,3
DA:143,3
DA:144,0
DA:145,0
DA:146,0
DA:149,3
DA:150,0
DA:151,3
DA:152,1
DA:153,2
DA:154,0
DA:158,3
DA:159,3
DA:160,6
DA:161,6
DA:162,0
DA:166,3
DA:167,1
DA:170,3
DA:171,0
DA:174,3
DA:175,0
DA:178,3
DA:179,1
DA:182,3
DA:184,3
LF:103
LH:81
BRDA:12,0,0,4
BRDA:12,0,1,33
BRDA:16,1,0,32
BRDA:16,1,1,64
BRDA:22,2,0,1
BRDA:22,2,1,32
BRDA:36,3,0,0
BRDA:36,3,1,82
BRDA:39,4,0,37
BRDA:39,4,1,45
BRDA:45,5,0,39
BRDA:45,5,1,6
BRDA:48,6,0,3
BRDA:48,6,1,36
BRDA:49,7,0,39
BRDA:49,7,1,38
BRDA:49,7,2,37
BRDA:49,7,3,37
BRDA:49,7,4,37
BRDA:49,7,5,37
BRDA:49,7,6,37
BRDA:60,8,0,0
BRDA:60,8,1,5
BRDA:62,9,0,0
BRDA:62,9,1,5
BRDA:66,10,0,0
BRDA:66,10,1,0
BRDA:66,11,0,0
BRDA:66,11,1,0
BRDA:67,12,0,0
BRDA:67,12,1,0
BRDA:67,13,0,0
BRDA:67,13,1,0
BRDA:70,14,0,0
BRDA:70,14,1,0
BRDA:77,15,0,5
BRDA:77,15,1,0
BRDA:77,16,0,5
BRDA:77,16,1,0
BRDA:83,17,0,3
BRDA:83,17,1,0
BRDA:84,18,0,1
BRDA:84,18,1,2
BRDA:93,19,0,4
BRDA:93,19,1,35
BRDA:93,20,0,39
BRDA:93,20,1,37
BRDA:99,21,0,1
BRDA:99,21,1,3
BRDA:102,22,0,1
BRDA:102,22,1,2
BRDA:120,23,0,1
BRDA:120,23,1,4
BRDA:136,24,0,1
BRDA:136,24,1,3
BRDA:143,25,0,0
BRDA:143,25,1,3
BRDA:149,26,0,0
BRDA:149,26,1,3
BRDA:151,27,0,1
BRDA:151,27,1,2
BRDA:153,28,0,0
BRDA:153,28,1,2
BRDA:161,29,0,0
BRDA:161,29,1,6
BRDA:161,30,0,6
BRDA:161,30,1,6
BRDA:166,31,0,1
BRDA:166,31,1,2
BRDA:170,32,0,0
BRDA:170,32,1,3
BRDA:170,33,0,3
BRDA:170,33,1,3
BRDA:170,33,2,3
BRDA:174,34,0,0
BRDA:174,34,1,3
BRDA:178,35,0,1
BRDA:178,35,1,2
BRDA:178,36,0,3
BRDA:178,36,1,3
BRDA:182,37,0,0
BRDA:182,37,1,3
BRF:82
BRH:59
end_of_record
TN:
SF:src\utils\fs.ts
FN:18,getInstallDir
FN:22,getSkillDir
FN:26,getDirSize
FN:50,installSkill
FN:108,isSkillInstalled
FN:114,readSkillMeta
FN:124,writeSkillMeta
FN:140,listFilesByAge
FN:193,isOrphanedProject
FN:204,tryPaths
FN:228,listSymlinks
FNF:11
FNH:7
FNDA:19,getInstallDir
FNDA:6,getSkillDir
FNDA:10,getDirSize
FNDA:3,installSkill
FNDA:2,isSkillInstalled
FNDA:3,readSkillMeta
FNDA:1,writeSkillMeta
FNDA:0,listFilesByAge
FNDA:0,isOrphanedProject
FNDA:0,tryPaths
FNDA:0,listSymlinks
DA:19,19
DA:23,6
DA:27,10
DA:28,10
DA:29,10
DA:30,14
DA:31,14
DA:32,14
DA:33,18
DA:34,18
DA:35,18
DA:36,18
DA:37,18
DA:38,14
DA:47,10
DA:51,3
DA:52,3
DA:53,3
DA:56,3
DA:57,0
DA:60,3
DA:62,3
DA:63,3
DA:65,5
DA:71,2
DA:73,3
DA:75,3
DA:76,5
DA:77,5
DA:81,0
DA:83,3
DA:84,3
DA:85,2
DA:87,3
DA:91,1
DA:92,0
DA:94,1
DA:97,2
DA:98,2
DA:102,2
DA:105,1
DA:109,2
DA:112,6
DA:115,3
DA:116,3
DA:117,2
DA:118,2
DA:120,1
DA:125,1
DA:126,1
DA:127,1
DA:145,0
DA:146,0
DA:147,0
DA:148,0
DA:150,0
DA:151,0
DA:152,0
DA:153,0
DA:154,0
DA:155,0
DA:156,0
DA:157,0
DA:158,0
DA:159,0
DA:160,0
DA:161,0
DA:163,0
DA:164,0
DA:165,0
DA:166,0
DA:180,0
DA:194,0
DA:195,0
DA:197,0
DA:198,0
DA:199,0
DA:205,0
DA:206,0
DA:210,0
DA:211,0
DA:212,0
DA:213,0
DA:217,0
DA:219,0
DA:221,0
DA:224,0
DA:225,0
DA:229,0
DA:230,0
DA:232,0
DA:233,0
DA:234,0
DA:235,0
DA:236,0
DA:237,0
DA:238,0
DA:239,0
DA:245,0
LF:99
LH:48
BRDA:36,0,0,0
BRDA:36,0,1,18
BRDA:37,1,0,4
BRDA:37,1,1,14
BRDA:56,2,0,0
BRDA:56,2,1,3
BRDA:65,3,0,2
BRDA:65,3,1,3
BRDA:66,4,0,5
BRDA:66,4,1,3
BRDA:66,4,2,3
BRDA:66,4,3,3
BRDA:75,5,0,3
BRDA:75,5,1,0
BRDA:76,6,0,3
BRDA:76,6,1,0
BRDA:77,7,0,0
BRDA:77,7,1,5
BRDA:78,8,0,5
BRDA:78,8,1,0
BRDA:79,9,0,0
BRDA:79,9,1,0
BRDA:84,10,0,2
BRDA:84,10,1,1
BRDA:91,11,0,0
BRDA:91,11,1,1
BRDA:116,12,0,1
BRDA:116,12,1,2
BRDA:145,13,0,0
BRDA:145,13,1,0
BRDA:158,14,0,0
BRDA:158,14,1,0
BRDA:159,15,0,0
BRDA:159,15,1,0
BRDA:163,16,0,0
BRDA:163,16,1,0
BRDA:163,17,0,0
BRDA:163,17,1,0
BRDA:165,18,0,0
BRDA:165,18,1,0
BRDA:195,19,0,0
BRDA:195,19,1,0
BRDA:205,20,0,0
BRDA:205,20,1,0
BRDA:210,21,0,0
BRDA:210,21,1,0
BRDA:217,22,0,0
BRDA:217,22,1,0
BRDA:217,23,0,0
BRDA:217,23,1,0
BRDA:219,24,0,0
BRDA:219,24,1,0
BRDA:224,25,0,0
BRDA:224,25,1,0
BRDA:230,26,0,0
BRDA:230,26,1,0
BRDA:237,27,0,0
BRDA:237,27,1,0
BRF:58
BRH:19
end_of_record
TN:
SF:src\utils\help.ts
FN:11,amberShade
FN:34,renderBanner
FN:36,(anonymous_2)
FN:38,(anonymous_3)
FN:55,padRight
FN:59,buildCustomHelp
FN:76,(anonymous_6)
FN:99,isFirstRun
FN:103,markInitialized
FN:111,showWelcome
FNF:10
FNH:6
FNDA:66,amberShade
FNDA:11,renderBanner
FNDA:0,(anonymous_2)
FNDA:66,(anonymous_3)
FNDA:128,padRight
FNDA:9,buildCustomHelp
FNDA:1288,(anonymous_6)
FNDA:0,isFirstRun
FNDA:0,markInitialized
FNDA:0,showWelcome
DA:9,3
DA:12,66
DA:13,66
DA:16,3
DA:25,3
DA:35,11
DA:36,0
DA:38,66
DA:42,3
DA:49,3
DA:56,128
DA:60,9
DA:62,9
DA:63,9
DA:64,9
DA:65,9
DA:66,9
DA:67,9
DA:68,9
DA:70,9
DA:71,9
DA:72,9
DA:73,32
DA:74,32
DA:75,32
DA:76,1288
DA:77,128
DA:78,128
DA:82,8
DA:83,8
DA:84,8
DA:85,24
DA:88,8
DA:89,8
DA:90,8
DA:91,8
DA:92,8
DA:94,8
DA:97,3
DA:100,0
DA:104,0
DA:105,0
DA:106,0
DA:108,0
DA:112,0
DA:113,0
DA:114,0
DA:115,0
DA:116,0
DA:117,0
DA:118,0
DA:119,0
LF:52
LH:38
BRDA:9,0,0,3
BRDA:9,0,1,3
BRDA:12,1,0,0
BRDA:12,1,1,66
BRDA:35,2,0,0
BRDA:35,2,1,11
BRDA:77,3,0,0
BRDA:77,3,1,128
BRDA:105,4,0,0
BRDA:105,4,1,0
BRF:10
BRH:5
end_of_record
TN:
SF:src\utils\history.ts
FN:14,historyPath
FN:18,readHistory
FN:29,appendHistory
FN:42,clearHistory
FN:52,getRecentSkills
FNF:5
FNH:5
FNDA:20,historyPath
FNDA:13,readHistory
FNDA:4,appendHistory
FNDA:3,clearHistory
FNDA:5,getRecentSkills
DA:6,16
DA:15,20
DA:19,13
DA:20,13
DA:21,9
DA:22,9
DA:23,9
DA:25,1
DA:30,4
DA:31,4
DA:32,4
DA:33,4
DA:34,4
DA:35,4
DA:36,4
DA:43,3
DA:44,3
DA:45,3
DA:46,3
DA:53,5
DA:54,5
DA:55,5
DA:56,17
DA:57,17
DA:58,14
DA:61,5
LF:26
LH:26
BRDA:20,0,0,4
BRDA:20,0,1,9
BRDA:23,1,0,7
BRDA:23,1,1,1
BRDA:34,2,0,3
BRDA:34,2,1,1
BRDA:44,3,0,2
BRDA:44,3,1,1
BRDA:52,4,0,5
BRDA:55,5,0,5
BRDA:55,5,1,19
BRDA:57,6,0,14
BRDA:57,6,1,3
BRDA:57,7,0,17
BRDA:57,7,1,15
BRDA:57,7,2,2
BRDA:57,7,3,15
BRF:17
BRH:17
end_of_record
TN:
SF:src\utils\http.ts
FN:11,sanitizeUrl
FN:28,(anonymous_1)
FN:39,(anonymous_2)
FN:55,delay
FN:56,(anonymous_4)
FN:59,calcDelay
FN:65,httpGet
FN:114,doGet
FN:115,(anonymous_8)
FN:136,(anonymous_9)
FN:158,(anonymous_10)
FN:172,(anonymous_11)
FN:181,(anonymous_12)
FN:191,(anonymous_13)
FNF:14
FNH:3
FNDA:6,sanitizeUrl
FNDA:4,(anonymous_1)
FNDA:2,(anonymous_2)
FNDA:0,delay
FNDA:0,(anonymous_4)
FNDA:0,calcDelay
FNDA:0,httpGet
FNDA:0,doGet
FNDA:0,(anonymous_8)
FNDA:0,(anonymous_9)
FNDA:0,(anonymous_10)
FNDA:0,(anonymous_11)
FNDA:0,(anonymous_12)
FNDA:0,(anonymous_13)
DA:3,1
DA:12,6
DA:13,6
DA:14,6
DA:15,1
DA:16,1
DA:18,6
DA:19,12
DA:21,6
DA:23,0
DA:29,4
DA:30,4
DA:33,4
DA:34,4
DA:41,2
DA:43,2
DA:44,2
DA:45,2
DA:49,1
DA:50,1
DA:51,1
DA:52,1
DA:53,1
DA:56,0
DA:60,0
DA:61,0
DA:62,0
DA:66,0
DA:68,0
DA:69,0
DA:71,0
DA:72,0
DA:75,0
DA:76,0
DA:77,0
DA:78,0
DA:79,0
DA:80,0
DA:81,0
DA:86,0
DA:87,0
DA:88,0
DA:91,0
DA:92,0
DA:95,0
DA:97,0
DA:98,0
DA:100,0
DA:101,0
DA:102,0
DA:103,0
DA:106,0
DA:107,0
DA:111,0
DA:115,0
DA:116,0
DA:120,0
DA:121,0
DA:122,0
DA:123,0
DA:124,0
DA:129,0
DA:136,0
DA:138,0
DA:139,0
DA:140,0
DA:141,0
DA:143,0
DA:144,0
DA:145,0
DA:146,0
DA:149,0
DA:150,0
DA:151,0
DA:158,0
DA:159,0
DA:160,0
DA:163,0
DA:164,0
DA:166,0
DA:167,0
DA:170,0
DA:171,0
DA:172,0
DA:173,0
DA:174,0
DA:175,0
DA:176,0
DA:177,0
DA:179,0
DA:181,0
DA:182,0
DA:190,0
DA:191,0
DA:192,0
DA:193,0
LF:96
LH:22
BRDA:14,0,0,1
BRDA:14,0,1,5
BRDA:14,1,0,6
BRDA:14,1,1,5
BRDA:19,2,0,3
BRDA:19,2,1,9
BRDA:33,3,0,4
BRDA:33,3,1,2
BRDA:43,4,0,1
BRDA:43,4,1,1
BRDA:65,5,0,0
BRDA:69,6,0,0
BRDA:69,6,1,0
BRDA:75,7,0,0
BRDA:75,7,1,0
BRDA:78,8,0,0
BRDA:78,8,1,0
BRDA:78,9,0,0
BRDA:78,9,1,0
BRDA:80,10,0,0
BRDA:80,10,1,0
BRDA:86,11,0,0
BRDA:86,11,1,0
BRDA:86,12,0,0
BRDA:86,12,1,0
BRDA:91,13,0,0
BRDA:91,13,1,0
BRDA:91,14,0,0
BRDA:91,14,1,0
BRDA:97,15,0,0
BRDA:97,15,1,0
BRDA:98,16,0,0
BRDA:98,16,1,0
BRDA:98,17,0,0
BRDA:98,17,1,0
BRDA:101,18,0,0
BRDA:101,18,1,0
BRDA:101,19,0,0
BRDA:101,19,1,0
BRDA:101,19,2,0
BRDA:106,20,0,0
BRDA:106,20,1,0
BRDA:106,21,0,0
BRDA:106,21,1,0
BRDA:111,22,0,0
BRDA:111,22,1,0
BRDA:114,23,0,0
BRDA:121,24,0,0
BRDA:121,24,1,0
BRDA:124,25,0,0
BRDA:124,25,1,0
BRDA:125,26,0,0
BRDA:125,26,1,0
BRDA:125,26,2,0
BRDA:138,27,0,0
BRDA:138,27,1,0
BRDA:138,28,0,0
BRDA:138,28,1,0
BRDA:138,28,2,0
BRDA:139,29,0,0
BRDA:139,29,1,0
BRDA:144,30,0,0
BRDA:144,30,1,0
BRDA:158,31,0,0
BRDA:158,31,1,0
BRDA:158,32,0,0
BRDA:158,32,1,0
BRDA:174,33,0,0
BRDA:174,33,1,0
BRDA:184,34,0,0
BRDA:184,34,1,0
BRF:71
BRH:10
end_of_record
TN:
SF:src\utils\install-core.ts
FN:30,preInstallScan
FN:35,(anonymous_1)
FN:42,(anonymous_2)
FN:43,(anonymous_3)
FN:44,(anonymous_4)
FN:44,(anonymous_5)
FN:53,preInstallConflictCheck
FN:60,(anonymous_7)
FN:62,(anonymous_8)
FN:62,(anonymous_9)
FN:63,(anonymous_10)
FN:63,(anonymous_11)
FN:75,installOneCore
FN:103,(anonymous_13)
FN:119,sizeWarning
FN:125,canInstall
FN:132,detectProviderChange
FNF:17
FNH:12
FNDA:6,preInstallScan
FNDA:6,(anonymous_1)
FNDA:2,(anonymous_2)
FNDA:2,(anonymous_3)
FNDA:2,(anonymous_4)
FNDA:0,(anonymous_5)
FNDA:3,preInstallConflictCheck
FNDA:3,(anonymous_7)
FNDA:0,(anonymous_8)
FNDA:0,(anonymous_9)
FNDA:0,(anonymous_10)
FNDA:0,(anonymous_11)
FNDA:4,installOneCore
FNDA:2,(anonymous_13)
FNDA:3,sizeWarning
FNDA:3,canInstall
FNDA:3,detectProviderChange
DA:35,6
DA:36,6
DA:38,5
DA:39,5
DA:41,2
DA:42,2
DA:43,2
DA:44,2
DA:46,2
DA:47,2
DA:49,0
DA:59,3
DA:60,3
DA:61,3
DA:62,3
DA:63,3
DA:65,3
DA:66,0
DA:68,3
DA:80,4
DA:83,4
DA:84,4
DA:85,2
DA:89,2
DA:90,2
DA:91,2
DA:92,2
DA:93,2
DA:94,2
DA:95,0
DA:100,2
DA:101,2
DA:102,2
DA:103,4
DA:104,4
DA:112,4
DA:114,4
DA:115,4
DA:120,3
DA:121,1
DA:126,3
DA:127,2
DA:128,1
DA:133,3
DA:134,3
DA:135,1
DA:137,2
LF:47
LH:44
BRDA:36,0,0,1
BRDA:36,0,1,5
BRDA:39,1,0,3
BRDA:39,1,1,2
BRDA:46,2,0,2
BRDA:46,2,1,0
BRDA:46,3,0,2
BRDA:46,3,1,2
BRDA:61,4,0,3
BRDA:61,4,1,0
BRDA:65,5,0,0
BRDA:65,5,1,3
BRDA:65,6,0,3
BRDA:65,6,1,0
BRDA:84,7,0,2
BRDA:84,7,1,2
BRDA:90,8,0,2
BRDA:90,8,1,0
BRDA:94,9,0,0
BRDA:94,9,1,2
BRDA:102,10,0,2
BRDA:102,10,1,0
BRDA:120,11,0,2
BRDA:120,11,1,1
BRDA:126,12,0,1
BRDA:126,12,1,2
BRDA:127,13,0,1
BRDA:127,13,1,1
BRDA:134,14,0,1
BRDA:134,14,1,2
BRDA:134,15,0,3
BRDA:134,15,1,2
BRF:32
BRH:25
end_of_record
TN:
SF:src\utils\integrity.ts
FN:15,computeHash
FN:19,getLockfilePath
FN:23,readLockfile
FN:34,writeLockfile
FN:41,updateLockEntry
FN:47,(anonymous_5)
FN:48,(anonymous_6)
FN:52,(anonymous_7)
FN:70,removeLockEntry
FN:72,(anonymous_9)
FN:76,readDirRecursive
FN:91,verifySkillIntegrity
FN:93,(anonymous_12)
FN:100,(anonymous_13)
FN:101,(anonymous_14)
FNF:15
FNH:15
FNDA:12,computeHash
FNDA:21,getLockfilePath
FNDA:14,readLockfile
FNDA:7,writeLockfile
FNDA:4,updateLockEntry
FNDA:2,(anonymous_5)
FNDA:6,(anonymous_6)
FNDA:1,(anonymous_7)
FNDA:2,removeLockEntry
FNDA:3,(anonymous_9)
FNDA:2,readDirRecursive
FNDA:4,verifySkillIntegrity
FNDA:3,(anonymous_12)
FNDA:2,(anonymous_13)
FNDA:2,(anonymous_14)
DA:16,12
DA:20,21
DA:24,14
DA:25,14
DA:26,14
DA:27,14
DA:28,7
DA:30,6
DA:35,7
DA:36,7
DA:37,7
DA:38,7
DA:47,4
DA:48,6
DA:49,4
DA:51,4
DA:52,4
DA:53,4
DA:61,4
DA:62,1
DA:64,3
DA:67,4
DA:71,2
DA:72,3
DA:73,2
DA:77,2
DA:78,2
DA:79,2
DA:80,2
DA:81,2
DA:82,2
DA:83,0
DA:85,2
DA:88,2
DA:92,4
DA:93,4
DA:94,4
DA:96,3
DA:97,3
DA:99,2
DA:100,2
DA:101,2
DA:102,2
DA:104,2
LF:44
LH:43
BRDA:27,0,0,1
BRDA:27,0,1,13
BRDA:61,1,0,1
BRDA:61,1,1,3
BRDA:82,2,0,0
BRDA:82,2,1,2
BRDA:94,3,0,1
BRDA:94,3,1,3
BRDA:97,4,0,1
BRDA:97,4,1,2
BRDA:104,5,0,1
BRDA:104,5,1,1
BRF:12
BRH:11
end_of_record
TN:
SF:src\utils\parallel.ts
FN:1,parallelMap
FN:5,worker
FN:12,(anonymous_2)
FNF:3
FNH:3
FNDA:10,parallelMap
FNDA:19,worker
FNDA:19,(anonymous_2)
DA:2,10
DA:3,9
DA:4,9
DA:6,19
DA:7,47
DA:8,47
DA:9,47
DA:12,19
DA:13,8
LF:9
LH:9
BRDA:2,0,0,1
BRDA:2,0,1,9
BRDA:8,1,0,0
BRDA:8,1,1,47
BRF:4
BRH:3
end_of_record
TN:
SF:src\utils\project-context.ts
FN:105,readJsonSafe
FN:113,readTextSafe
FN:121,detectTypeAndLang
FN:136,extractNpmTags
FN:146,(anonymous_4)
FN:157,extractGoTags
FN:166,(anonymous_6)
FN:173,extractPythonTags
FN:186,(anonymous_8)
FN:196,(anonymous_9)
FN:204,extractInfraTags
FN:228,extractPreferences
FN:251,readRuleFiles
FN:257,(anonymous_13)
FN:264,getInstalledSkillNames
FN:269,(anonymous_15)
FN:282,detectProjectContext
FN:290,(anonymous_17)
FN:293,(anonymous_18)
FN:296,(anonymous_19)
FN:298,(anonymous_20)
FNF:21
FNH:20
FNDA:10,readJsonSafe
FNDA:29,readTextSafe
FNDA:20,detectTypeAndLang
FNDA:5,extractNpmTags
FNDA:13,(anonymous_4)
FNDA:3,extractGoTags
FNDA:2,(anonymous_6)
FNDA:3,extractPythonTags
FNDA:6,(anonymous_8)
FNDA:0,(anonymous_9)
FNDA:20,extractInfraTags
FNDA:1,extractPreferences
FNDA:20,readRuleFiles
FNDA:3,(anonymous_13)
FNDA:20,getInstalledSkillNames
FNDA:613,(anonymous_15)
FNDA:20,detectProjectContext
FNDA:12,(anonymous_17)
FNDA:5,(anonymous_18)
FNDA:9,(anonymous_19)
FNDA:3,(anonymous_20)
DA:25,5
DA:70,5
DA:87,5
DA:106,10
DA:107,10
DA:109,0
DA:114,29
DA:115,29
DA:117,22
DA:122,20
DA:123,20
DA:124,17
DA:125,16
DA:126,3
DA:127,13
DA:128,5
DA:129,5
DA:130,3
DA:131,1
DA:133,8
DA:137,5
DA:138,5
DA:139,5
DA:141,5
DA:142,5
DA:144,5
DA:145,8
DA:146,13
DA:150,5
DA:151,0
DA:154,5
DA:158,3
DA:159,3
DA:160,3
DA:162,3
DA:164,3
DA:165,39
DA:166,2
DA:170,3
DA:174,3
DA:177,3
DA:178,3
DA:179,2
DA:180,5
DA:184,5
DA:185,4
DA:186,6
DA:192,3
DA:193,3
DA:194,1
DA:195,15
DA:196,0
DA:201,3
DA:205,20
DA:206,20
DA:211,1
DA:213,20
DA:214,1
DA:216,20
DA:217,0
DA:219,20
DA:220,0
DA:222,20
DA:223,0
DA:225,20
DA:229,1
DA:230,1
DA:232,1
DA:233,1
DA:234,9
DA:235,9
DA:236,1
DA:237,1
DA:239,8
DA:240,1
DA:241,1
DA:243,7
DA:244,3
DA:248,1
DA:252,20
DA:253,20
DA:255,1
DA:256,1
DA:257,3
DA:260,0
DA:265,20
DA:266,20
DA:267,11
DA:268,11
DA:270,613
DA:271,613
DA:273,0
DA:278,0
DA:283,20
DA:286,20
DA:287,20
DA:289,20
DA:290,12
DA:292,20
DA:293,5
DA:295,20
DA:296,9
DA:298,20
DA:301,20
DA:302,20
DA:303,20
DA:306,20
DA:309,20
DA:311,20
LF:109
LH:100
BRDA:123,0,0,3
BRDA:123,0,1,17
BRDA:124,1,0,1
BRDA:124,1,1,16
BRDA:125,2,0,3
BRDA:125,2,1,13
BRDA:125,3,0,16
BRDA:125,3,1,14
BRDA:127,4,0,5
BRDA:127,4,1,8
BRDA:129,5,0,2
BRDA:129,5,1,3
BRDA:129,6,0,5
BRDA:129,6,1,3
BRDA:130,7,0,2
BRDA:130,7,1,1
BRDA:130,8,0,3
BRDA:130,8,1,1
BRDA:139,9,0,0
BRDA:139,9,1,5
BRDA:146,10,0,8
BRDA:146,10,1,0
BRDA:150,11,0,0
BRDA:150,11,1,5
BRDA:150,12,0,5
BRDA:150,12,1,5
BRDA:160,13,0,0
BRDA:160,13,1,3
BRDA:165,14,0,1
BRDA:165,14,1,38
BRDA:178,15,0,2
BRDA:178,15,1,1
BRDA:184,16,0,4
BRDA:184,16,1,1
BRDA:186,17,0,4
BRDA:186,17,1,0
BRDA:193,18,0,1
BRDA:193,18,1,2
BRDA:195,19,0,0
BRDA:195,19,1,15
BRDA:195,20,0,15
BRDA:195,20,1,15
BRDA:206,21,0,1
BRDA:206,21,1,19
BRDA:206,22,0,20
BRDA:206,22,1,19
BRDA:206,22,2,19
BRDA:213,23,0,1
BRDA:213,23,1,19
BRDA:216,24,0,0
BRDA:216,24,1,20
BRDA:219,25,0,0
BRDA:219,25,1,20
BRDA:219,26,0,20
BRDA:219,26,1,20
BRDA:222,27,0,0
BRDA:222,27,1,20
BRDA:222,28,0,20
BRDA:222,28,1,20
BRDA:235,29,0,1
BRDA:235,29,1,8
BRDA:235,30,0,9
BRDA:235,30,1,8
BRDA:235,30,2,8
BRDA:239,31,0,1
BRDA:239,31,1,7
BRDA:239,32,0,8
BRDA:239,32,1,5
BRDA:243,33,0,3
BRDA:243,33,1,4
BRDA:243,34,0,7
BRDA:243,34,1,4
BRDA:253,35,0,19
BRDA:253,35,1,1
BRDA:266,36,0,9
BRDA:266,36,1,11
BRDA:287,37,0,12
BRDA:287,37,1,8
BRDA:287,38,0,20
BRDA:287,38,1,12
BRDA:289,39,0,5
BRDA:289,39,1,15
BRDA:289,40,0,20
BRDA:289,40,1,15
BRDA:292,41,0,3
BRDA:292,41,1,17
BRDA:292,42,0,20
BRDA:292,42,1,17
BRDA:295,43,0,3
BRDA:295,43,1,17
BRDA:295,44,0,20
BRDA:295,44,1,17
BRDA:303,45,0,1
BRDA:303,45,1,19
BRF:94
BRH:85
end_of_record
TN:
SF:src\utils\scanner.ts
FN:309,scanSkillContent
FN:335,(anonymous_1)
FN:352,(anonymous_2)
FN:360,hasCriticalIssues
FN:361,(anonymous_4)
FN:367,formatScanResults
FN:371,(anonymous_6)
FN:372,(anonymous_7)
FNF:8
FNH:7
FNDA:65,scanSkillContent
FNDA:0,(anonymous_1)
FNDA:11,(anonymous_2)
FNDA:3,hasCriticalIssues
FNDA:2,(anonymous_4)
FNDA:6,formatScanResults
FNDA:6,(anonymous_6)
FNDA:6,(anonymous_7)
DA:28,1
DA:310,65
DA:311,65
DA:313,65
DA:314,80
DA:315,80
DA:316,3280
DA:317,69
DA:329,65
DA:330,15
DA:331,15
DA:332,1
DA:333,1
DA:334,41
DA:335,1
DA:336,1
DA:337,1
DA:351,15
DA:352,15
DA:354,15
DA:361,3
DA:368,6
DA:370,5
DA:371,6
DA:372,6
DA:373,5
DA:374,6
DA:376,6
DA:377,6
DA:378,6
DA:381,5
LF:31
LH:31
BRDA:316,0,0,69
BRDA:316,0,1,3211
BRDA:331,1,0,1
BRDA:331,1,1,14
BRDA:332,2,0,1
BRDA:332,2,1,0
BRDA:334,3,0,1
BRDA:334,3,1,40
BRDA:335,4,0,0
BRDA:335,4,1,0
BRDA:336,5,0,1
BRDA:336,5,1,0
BRDA:368,6,0,1
BRDA:368,6,1,5
BRDA:373,7,0,1
BRDA:373,7,1,4
BRDA:373,8,0,1
BRDA:373,8,1,3
BRDA:374,9,0,1
BRDA:374,9,1,4
BRDA:377,10,0,1
BRDA:377,10,1,5
BRDA:377,11,0,1
BRDA:377,11,1,4
BRF:24
BRH:20
end_of_record
TN:
SF:src\utils\scoring.ts
FN:21,scoreSkill
FN:37,(anonymous_1)
FN:50,(anonymous_2)
FN:61,(anonymous_3)
FN:62,(anonymous_4)
FN:69,(anonymous_5)
FN:72,(anonymous_6)
FN:76,(anonymous_7)
FN:85,(anonymous_8)
FN:87,(anonymous_9)
FN:104,rankSkills
FN:105,(anonymous_11)
FN:106,(anonymous_12)
FNF:13
FNH:11
FNDA:19,scoreSkill
FNDA:2,(anonymous_1)
FNDA:27,(anonymous_2)
FNDA:14,(anonymous_3)
FNDA:8,(anonymous_4)
FNDA:34,(anonymous_5)
FNDA:1,(anonymous_6)
FNDA:1,(anonymous_7)
FNDA:0,(anonymous_8)
FNDA:0,(anonymous_9)
FNDA:5,rankSkills
FNDA:11,(anonymous_11)
FNDA:10,(anonymous_12)
DA:12,2
DA:27,19
DA:28,19
DA:31,19
DA:32,2
DA:36,17
DA:37,2
DA:38,2
DA:39,2
DA:49,15
DA:50,27
DA:51,13
DA:52,10
DA:53,10
DA:54,10
DA:59,15
DA:60,15
DA:61,15
DA:62,15
DA:63,0
DA:64,0
DA:69,34
DA:70,15
DA:71,1
DA:72,1
DA:76,15
DA:77,15
DA:78,1
DA:79,1
DA:83,15
DA:84,0
DA:85,0
DA:86,0
DA:87,0
DA:89,0
DA:90,0
DA:91,0
DA:97,15
DA:98,4
DA:99,4
DA:101,15
DA:105,11
DA:106,10
LF:43
LH:34
BRDA:31,0,0,2
BRDA:31,0,1,17
BRDA:36,1,0,2
BRDA:36,1,1,15
BRDA:36,2,0,17
BRDA:36,2,1,17
BRDA:38,3,0,2
BRDA:38,3,1,0
BRDA:49,4,0,13
BRDA:49,4,1,2
BRDA:49,5,0,15
BRDA:49,5,1,15
BRDA:51,6,0,10
BRDA:51,6,1,3
BRDA:60,7,0,15
BRDA:60,7,1,0
BRDA:60,8,0,15
BRDA:60,8,1,15
BRDA:62,9,0,0
BRDA:62,9,1,15
BRDA:62,10,0,15
BRDA:62,10,1,8
BRDA:69,11,0,34
BRDA:69,11,1,1
BRDA:70,12,0,1
BRDA:70,12,1,14
BRDA:77,13,0,1
BRDA:77,13,1,14
BRDA:83,14,0,0
BRDA:83,14,1,15
BRDA:83,15,0,15
BRDA:83,15,1,0
BRDA:87,16,0,0
BRDA:87,16,1,0
BRDA:89,17,0,0
BRDA:89,17,1,0
BRDA:97,18,0,7
BRDA:97,18,1,8
BRDA:97,19,0,4
BRDA:97,19,1,4
BRF:40
BRH:31
end_of_record
TN:
SF:src\utils\ui.ts
FN:11,(anonymous_0)
FN:12,(anonymous_1)
FN:13,(anonymous_2)
FN:14,(anonymous_3)
FN:15,(anonymous_4)
FN:16,(anonymous_5)
FN:17,(anonymous_6)
FN:20,banner
FN:26,spinner
FN:30,noopSpinner
FN:32,(anonymous_10)
FN:33,(anonymous_11)
FN:34,(anonymous_12)
FN:35,(anonymous_13)
FN:36,(anonymous_14)
FN:38,(anonymous_15)
FN:45,stripAnsi
FN:49,padWithAnsi
FN:55,table
FN:60,(anonymous_19)
FN:60,(anonymous_20)
FN:64,(anonymous_21)
FN:73,getErrorHint
FN:76,(anonymous_23)
FN:85,printErrorWithHint
FN:95,(anonymous_25)
FN:102,suggest
FN:108,errorAndExit
FNF:28
FNH:9
FNDA:3,(anonymous_0)
FNDA:8,(anonymous_1)
FNDA:0,(anonymous_2)
FNDA:2,(anonymous_3)
FNDA:221,(anonymous_4)
FNDA:23,(anonymous_5)
FNDA:155,(anonymous_6)
FNDA:3,banner
FNDA:0,spinner
FNDA:0,noopSpinner
FNDA:0,(anonymous_10)
FNDA:0,(anonymous_11)
FNDA:0,(anonymous_12)
FNDA:0,(anonymous_13)
FNDA:0,(anonymous_14)
FNDA:0,(anonymous_15)
FNDA:0,stripAnsi
FNDA:0,padWithAnsi
FNDA:0,table
FNDA:0,(anonymous_19)
FNDA:0,(anonymous_20)
FNDA:0,(anonymous_21)
FNDA:8,getErrorHint
FNDA:16,(anonymous_23)
FNDA:0,printErrorWithHint
FNDA:0,(anonymous_25)
FNDA:0,suggest
FNDA:0,errorAndExit
DA:4,8
DA:5,0
DA:8,8
DA:10,8
DA:11,3
DA:12,8
DA:13,0
DA:14,2
DA:15,221
DA:16,23
DA:17,155
DA:21,3
DA:22,3
DA:23,3
DA:27,0
DA:31,0
DA:43,8
DA:46,0
DA:50,0
DA:51,0
DA:52,0
DA:56,0
DA:58,0
DA:59,0
DA:60,0
DA:62,0
DA:63,0
DA:64,0
DA:67,0
DA:71,8
DA:74,8
DA:75,5
DA:76,16
DA:77,3
DA:79,2
DA:80,1
DA:82,1
DA:86,0
DA:87,0
DA:89,0
DA:90,0
DA:93,0
DA:94,0
DA:95,0
DA:96,0
DA:97,0
DA:103,0
DA:104,0
DA:105,0
DA:109,0
DA:110,0
DA:111,0
DA:112,0
DA:114,0
DA:116,0
DA:117,0
LF:56
LH:21
BRDA:4,0,0,0
BRDA:4,0,1,8
BRDA:4,1,0,8
BRDA:4,1,1,8
BRDA:56,2,0,0
BRDA:56,2,1,0
BRDA:59,3,0,0
BRDA:59,3,1,0
BRDA:60,4,0,0
BRDA:60,4,1,0
BRDA:64,5,0,0
BRDA:64,5,1,0
BRDA:74,6,0,3
BRDA:74,6,1,5
BRDA:76,7,0,3
BRDA:76,7,1,2
BRDA:79,8,0,1
BRDA:79,8,1,1
BRDA:79,9,0,2
BRDA:79,9,1,1
BRDA:85,10,0,0
BRDA:86,11,0,0
BRDA:86,11,1,0
BRDA:86,12,0,0
BRDA:86,12,1,0
BRDA:90,13,0,0
BRDA:90,13,1,0
BRDA:93,14,0,0
BRDA:93,14,1,0
BRDA:95,15,0,0
BRDA:95,15,1,0
BRDA:96,16,0,0
BRDA:96,16,1,0
BRDA:103,17,0,0
BRDA:103,17,1,0
BRDA:111,18,0,0
BRDA:111,18,1,0
BRF:37
BRH:11
end_of_record
TN:
SF:src\utils\validate.ts
FN:4,validateSlug
FNF:1
FNH:1
FNDA:25,validateSlug
DA:1,1
DA:2,1
DA:5,25
DA:6,0
DA:10,25
DA:11,15
LF:6
LH:5
BRDA:5,0,0,0
BRDA:5,0,1,25
BRDA:10,1,0,15
BRDA:10,1,1,10
BRF:4
BRH:3
end_of_record
